2002.03.06 23:01 B F:\Documents and Settings\Stephen\Desktop\Elton John\1960s.htm <-- Ipswitch /ejchordography/ 1960s.htm
2002.03.06 23:01 B F:\Documents and Settings\Stephen\Desktop\Elton John\1960s.html <-- Ipswitch /ejchordography/ 1960s.html
2002.03.06 23:01 B F:\Documents and Settings\Stephen\Desktop\Elton John\1970s.htm <-- Ipswitch /ejchordography/ 1970s.htm
2002.03.06 23:01 B F:\Documents and Settings\Stephen\Desktop\Elton John\1970s.html <-- Ipswitch /ejchordography/ 1970s.html
2002.03.06 23:01 B F:\Documents and Settings\Stephen\Desktop\Elton John\1970spreview.htm <-- Ipswitch /ejchordography/ 1970spreview.htm
2002.03.06 23:01 B F:\Documents and Settings\Stephen\Desktop\Elton John\1970spreview.html <-- Ipswitch /ejchordography/ 1970spreview.html
2002.03.06 23:01 B F:\Documents and Settings\Stephen\Desktop\Elton John\19740900_cmmag.jpg <-- Ipswitch /ejchordography/ 19740900_cmmag.jpg
2002.03.06 23:01 B F:\Documents and Settings\Stephen\Desktop\Elton John\1980s.htm <-- Ipswitch /ejchordography/ 1980s.htm
2002.03.06 23:01 B F:\Documents and Settings\Stephen\Desktop\Elton John\1980s.html <-- Ipswitch /ejchordography/ 1980s.html
2002.03.06 23:01 B F:\Documents and Settings\Stephen\Desktop\Elton John\19840630_3.jpg <-- Ipswitch /ejchordography/ 19840630_3.jpg
2002.03.06 23:01 B F:\Documents and Settings\Stephen\Desktop\Elton John\1990s.htm <-- Ipswitch /ejchordography/ 1990s.htm
2002.03.06 23:01 B F:\Documents and Settings\Stephen\Desktop\Elton John\1990s.html <-- Ipswitch /ejchordography/ 1990s.html
2002.03.06 23:01 B F:\Documents and Settings\Stephen\Desktop\Elton John\19971122_ann1.jpg <-- Ipswitch /ejchordography/ 19971122_ann1.jpg
2002.03.06 23:01 B F:\Documents and Settings\Stephen\Desktop\Elton John\2000.htm <-- Ipswitch /ejchordography/ 2000.htm
2002.03.06 23:01 B F:\Documents and Settings\Stephen\Desktop\Elton John\2000.html <-- Ipswitch /ejchordography/ 2000.html
2002.03.06 23:01 B F:\Documents and Settings\Stephen\Desktop\Elton John\20000317_h.jpg <-- Ipswitch /ejchordography/ 20000317_h.jpg
2002.03.06 23:01 B F:\Documents and Settings\Stephen\Desktop\Elton John\21_at_33.jpg <-- Ipswitch /ejchordography/ 21_at_33.jpg
2002.03.06 23:01 B F:\Documents and Settings\Stephen\Desktop\Elton John\21at33.html <-- Ipswitch /ejchordography/ 21at33.html
2002.03.06 23:01 B F:\Documents and Settings\Stephen\Desktop\Elton John\a_single_man.jpg <-- Ipswitch /ejchordography/ a_single_man.jpg
2002.03.06 23:01 B F:\Documents and Settings\Stephen\Desktop\Elton John\aboutthissite.html <-- Ipswitch /ejchordography/ aboutthissite.html
2002.03.06 23:01 B F:\Documents and Settings\Stephen\Desktop\Elton John\ActOfWar.jpg <-- Ipswitch /ejchordography/ ActOfWar.jpg
2002.03.06 23:01 B F:\Documents and Settings\Stephen\Desktop\Elton John\aida.html <-- Ipswitch /ejchordography/ aida.html
2002.03.06 23:01 B F:\Documents and Settings\Stephen\Desktop\Elton John\aida.jpg <-- Ipswitch /ejchordography/ aida.jpg
2002.03.06 23:01 B F:\Documents and Settings\Stephen\Desktop\Elton John\asingleman.html <-- Ipswitch /ejchordography/ asingleman.html
2002.03.06 23:01 B F:\Documents and Settings\Stephen\Desktop\Elton John\asinglemanpreview.html <-- Ipswitch /ejchordography/ asinglemanpreview.html
2002.03.06 23:01 B F:\Documents and Settings\Stephen\Desktop\Elton John\AWordInSpanish.jpg <-- Ipswitch /ejchordography/ AWordInSpanish.jpg
2002.03.06 23:01 B F:\Documents and Settings\Stephen\Desktop\Elton John\blue_moves.jpg <-- Ipswitch /ejchordography/ blue_moves.jpg
2002.03.06 23:01 B F:\Documents and Settings\Stephen\Desktop\Elton John\BlueEyes.jpg <-- Ipswitch /ejchordography/ BlueEyes.jpg
2002.03.06 23:01 B F:\Documents and Settings\Stephen\Desktop\Elton John\bluemoves.html <-- Ipswitch /ejchordography/ bluemoves.html
2002.03.06 23:01 B F:\Documents and Settings\Stephen\Desktop\Elton John\breaking_hearts.jpg <-- Ipswitch /ejchordography/ breaking_hearts.jpg
2002.03.06 23:01 B F:\Documents and Settings\Stephen\Desktop\Elton John\breakinghearts.html <-- Ipswitch /ejchordography/ breakinghearts.html
2002.03.06 23:01 B F:\Documents and Settings\Stephen\Desktop\Elton John\BreakingHearts.jpg <-- Ipswitch /ejchordography/ BreakingHearts.jpg
2002.03.06 23:01 B F:\Documents and Settings\Stephen\Desktop\Elton John\CandleInTheWindLive.jpg <-- Ipswitch /ejchordography/ CandleInTheWindLive.jpg
2002.03.06 23:01 B F:\Documents and Settings\Stephen\Desktop\Elton John\captain_fantastic.jpg <-- Ipswitch /ejchordography/ captain_fantastic.jpg
2002.03.06 23:01 B F:\Documents and Settings\Stephen\Desktop\Elton John\captainfantasticandthebrowndirtcowboy.html <-- Ipswitch /ejchordography/ captainfantasticandthebrowndirtcowboy.html
2002.03.06 23:01 B F:\Documents and Settings\Stephen\Desktop\Elton John\caribou.html <-- Ipswitch /ejchordography/ caribou.html
2002.03.06 23:01 B F:\Documents and Settings\Stephen\Desktop\Elton John\caribou.jpg <-- Ipswitch /ejchordography/ caribou.jpg
2002.03.06 23:01 B F:\Documents and Settings\Stephen\Desktop\Elton John\chordbook_banner.gif <-- Ipswitch /ejchordography/ chordbook_banner.gif
2002.03.06 23:01 B F:\Documents and Settings\Stephen\Desktop\Elton John\ColdAsChristmas.jpg <-- Ipswitch /ejchordography/ ColdAsChristmas.jpg
2002.03.06 23:01 B F:\Documents and Settings\Stephen\Desktop\Elton John\CryToHeaven.jpg <-- Ipswitch /ejchordography/ CryToHeaven.jpg
2002.03.06 23:01 B F:\Documents and Settings\Stephen\Desktop\Elton John\dont_shoot_me.jpg <-- Ipswitch /ejchordography/ dont_shoot_me.jpg
2002.03.06 23:01 B F:\Documents and Settings\Stephen\Desktop\Elton John\dontshootmeimonlythepianoplayer.html <-- Ipswitch /ejchordography/ dontshootmeimonlythepianoplayer.html
2002.03.06 23:01 B F:\Documents and Settings\Stephen\Desktop\Elton John\duets.html <-- Ipswitch /ejchordography/ duets.html
2002.03.06 23:01 B F:\Documents and Settings\Stephen\Desktop\Elton John\duets.jpg <-- Ipswitch /ejchordography/ duets.jpg
2002.03.06 23:01 B F:\Documents and Settings\Stephen\Desktop\Elton John\ejchordbook.html <-- Ipswitch /ejchordography/ ejchordbook.html
2002.03.06 23:01 B F:\Documents and Settings\Stephen\Desktop\Elton John\ejchordbookpreview.html <-- Ipswitch /ejchordography/ ejchordbookpreview.html
2002.03.06 23:01 B F:\Documents and Settings\Stephen\Desktop\Elton John\el_dorado.jpg <-- Ipswitch /ejchordography/ el_dorado.jpg
2002.03.06 23:01 B F:\Documents and Settings\Stephen\Desktop\Elton John\elton_john.jpg <-- Ipswitch /ejchordography/ elton_john.jpg
2002.03.06 23:01 B F:\Documents and Settings\Stephen\Desktop\Elton John\eltonherculesjohnbanner.jpg <-- Ipswitch /ejchordography/ eltonherculesjohnbanner.jpg
2002.03.06 23:01 B F:\Documents and Settings\Stephen\Desktop\Elton John\eltonjohn--towerofbabel.txt <-- Ipswitch /ejchordography/ eltonjohn--towerofbabel.txt
2002.03.06 23:01 B F:\Documents and Settings\Stephen\Desktop\Elton John\eltonjohn-actofwar.txt <-- Ipswitch /ejchordography/ eltonjohn-actofwar.txt
2002.03.06 23:01 B F:\Documents and Settings\Stephen\Desktop\Elton John\eltonjohn-adandeliondiesinthewind.txt <-- Ipswitch /ejchordography/ eltonjohn-adandeliondiesinthewind.txt
2002.03.06 23:01 B F:\Documents and Settings\Stephen\Desktop\Elton John\eltonjohn-aintnothingliketherealthing.txt <-- Ipswitch /ejchordography/ eltonjohn-aintnothingliketherealthing.txt
2002.03.06 23:01 B F:\Documents and Settings\Stephen\Desktop\Elton John\eltonjohn-alice.txt <-- Ipswitch /ejchordography/ eltonjohn-alice.txt
2002.03.06 23:01 B F:\Documents and Settings\Stephen\Desktop\Elton John\eltonjohn-allacrossthehavens.txt <-- Ipswitch /ejchordography/ eltonjohn-allacrossthehavens.txt
2002.03.06 23:01 B F:\Documents and Settings\Stephen\Desktop\Elton John\eltonjohn-allquietonthewesternfront.txt <-- Ipswitch /ejchordography/ eltonjohn-allquietonthewesternfront.txt
2002.03.06 23:01 B F:\Documents and Settings\Stephen\Desktop\Elton John\eltonjohn-allthenasties.txt <-- Ipswitch /ejchordography/ eltonjohn-allthenasties.txt
2002.03.06 23:01 B F:\Documents and Settings\Stephen\Desktop\Elton John\eltonjohn-amazesme.txt <-- Ipswitch /ejchordography/ eltonjohn-amazesme.txt
2002.03.06 23:01 B F:\Documents and Settings\Stephen\Desktop\Elton John\eltonjohn-americantriangle2.txt <-- Ipswitch /ejchordography/ eltonjohn-americantriangle2.txt
2002.03.06 23:01 B F:\Documents and Settings\Stephen\Desktop\Elton John\eltonjohn-americantriangle3.txt <-- Ipswitch /ejchordography/ eltonjohn-americantriangle3.txt
2002.03.06 23:01 B F:\Documents and Settings\Stephen\Desktop\Elton John\eltonjohn-amnerisletter.txt <-- Ipswitch /ejchordography/ eltonjohn-amnerisletter.txt
2002.03.06 23:01 B F:\Documents and Settings\Stephen\Desktop\Elton John\eltonjohn-amoreena.txt <-- Ipswitch /ejchordography/ eltonjohn-amoreena.txt
2002.03.06 23:01 B F:\Documents and Settings\Stephen\Desktop\Elton John\eltonjohn-amy.txt <-- Ipswitch /ejchordography/ eltonjohn-amy.txt
2002.03.06 23:01 B F:\Documents and Settings\Stephen\Desktop\Elton John\eltonjohn-angeline.txt <-- Ipswitch /ejchordography/ eltonjohn-angeline.txt
2002.03.06 23:01 B F:\Documents and Settings\Stephen\Desktop\Elton John\eltonjohn-angeltree.txt <-- Ipswitch /ejchordography/ eltonjohn-angeltree.txt
2002.03.06 23:01 B F:\Documents and Settings\Stephen\Desktop\Elton John\eltonjohn-annabellaumbrella.txt <-- Ipswitch /ejchordography/ eltonjohn-annabellaumbrella.txt
2002.03.06 23:01 B F:\Documents and Settings\Stephen\Desktop\Elton John\eltonjohn-annabellaumbrella2.txt <-- Ipswitch /ejchordography/ eltonjohn-annabellaumbrella2.txt
2002.03.06 23:01 B F:\Documents and Settings\Stephen\Desktop\Elton John\eltonjohn-asteptoofar.txt <-- Ipswitch /ejchordography/ eltonjohn-asteptoofar.txt
2002.03.06 23:01 B F:\Documents and Settings\Stephen\Desktop\Elton John\eltonjohn-awomansneeds.txt <-- Ipswitch /ejchordography/ eltonjohn-awomansneeds.txt
2002.03.06 23:01 B F:\Documents and Settings\Stephen\Desktop\Elton John\eltonjohn-babyimissyou.txt <-- Ipswitch /ejchordography/ eltonjohn-babyimissyou.txt
2002.03.06 23:01 B F:\Documents and Settings\Stephen\Desktop\Elton John\eltonjohn-bad.txt <-- Ipswitch /ejchordography/ eltonjohn-bad.txt
2002.03.06 23:01 B F:\Documents and Settings\Stephen\Desktop\Elton John\eltonjohn-balladofawellknowngun.txt <-- Ipswitch /ejchordography/ eltonjohn-balladofawellknowngun.txt
2002.03.06 23:01 B F:\Documents and Settings\Stephen\Desktop\Elton John\eltonjohn-balladoftheboyinredshoes.txt <-- Ipswitch /ejchordography/ eltonjohn-balladoftheboyinredshoes.txt
2002.03.06 23:01 B F:\Documents and Settings\Stephen\Desktop\Elton John\eltonjohn-ballandchain.txt <-- Ipswitch /ejchordography/ eltonjohn-ballandchain.txt
2002.03.06 23:01 B F:\Documents and Settings\Stephen\Desktop\Elton John\eltonjohn-belgium.txt <-- Ipswitch /ejchordography/ eltonjohn-belgium.txt
2002.03.06 23:01 B F:\Documents and Settings\Stephen\Desktop\Elton John\eltonjohn-believe.txt <-- Ipswitch /ejchordography/ eltonjohn-believe.txt
2002.03.06 23:01 B F:\Documents and Settings\Stephen\Desktop\Elton John\eltonjohn-bennieandthejets.txt <-- Ipswitch /ejchordography/ eltonjohn-bennieandthejets.txt
2002.03.06 23:01 B F:\Documents and Settings\Stephen\Desktop\Elton John\eltonjohn-betteroff.txt <-- Ipswitch /ejchordography/ eltonjohn-betteroff.txt
2002.03.06 23:01 B F:\Documents and Settings\Stephen\Desktop\Elton John\eltonjohn-betweenseventeenandtwenty.txt <-- Ipswitch /ejchordography/ eltonjohn-betweenseventeenandtwenty.txt
2002.03.06 23:01 B F:\Documents and Settings\Stephen\Desktop\Elton John\eltonjohn-bigdipper.txt <-- Ipswitch /ejchordography/ eltonjohn-bigdipper.txt
2002.03.06 23:01 B F:\Documents and Settings\Stephen\Desktop\Elton John\eltonjohn-billyandthekids.txt <-- Ipswitch /ejchordography/ eltonjohn-billyandthekids.txt
2002.03.06 23:02 B F:\Documents and Settings\Stephen\Desktop\Elton John\eltonjohn-billybones.txt <-- Ipswitch /ejchordography/ eltonjohn-billybones.txt
2002.03.06 23:02 B F:\Documents and Settings\Stephen\Desktop\Elton John\eltonjohn-birds.txt <-- Ipswitch /ejchordography/ eltonjohn-birds.txt
2002.03.06 23:02 B F:\Documents and Settings\Stephen\Desktop\Elton John\eltonjohn-biteyourlip.txt <-- Ipswitch /ejchordography/ eltonjohn-biteyourlip.txt
2002.03.06 23:02 B F:\Documents and Settings\Stephen\Desktop\Elton John\eltonjohn-bitterfingers.txt <-- Ipswitch /ejchordography/ eltonjohn-bitterfingers.txt
2002.03.06 23:02 B F:\Documents and Settings\Stephen\Desktop\Elton John\eltonjohn-blessed.txt <-- Ipswitch /ejchordography/ eltonjohn-blessed.txt
2002.03.06 23:02 B F:\Documents and Settings\Stephen\Desktop\Elton John\eltonjohn-blueavenue.txt <-- Ipswitch /ejchordography/ eltonjohn-blueavenue.txt
2002.03.06 23:02 B F:\Documents and Settings\Stephen\Desktop\Elton John\eltonjohn-blueeyes.txt <-- Ipswitch /ejchordography/ eltonjohn-blueeyes.txt
2002.03.06 23:02 B F:\Documents and Settings\Stephen\Desktop\Elton John\eltonjohn-blues.txt <-- Ipswitch /ejchordography/ eltonjohn-blues.txt
2002.03.06 23:02 B F:\Documents and Settings\Stephen\Desktop\Elton John\eltonjohn-boogiepilgrim.txt <-- Ipswitch /ejchordography/ eltonjohn-boogiepilgrim.txt
2002.03.06 23:02 B F:\Documents and Settings\Stephen\Desktop\Elton John\eltonjohn-bordersong.txt <-- Ipswitch /ejchordography/ eltonjohn-bordersong.txt
2002.03.06 23:02 B F:\Documents and Settings\Stephen\Desktop\Elton John\eltonjohn-borntolose.txt <-- Ipswitch /ejchordography/ eltonjohn-borntolose.txt
2002.03.06 23:02 B F:\Documents and Settings\Stephen\Desktop\Elton John\eltonjohn-breakingdownbarriers.txt <-- Ipswitch /ejchordography/ eltonjohn-breakingdownbarriers.txt
2002.03.06 23:02 B F:\Documents and Settings\Stephen\Desktop\Elton John\eltonjohn-breakinghearts.txt <-- Ipswitch /ejchordography/ eltonjohn-breakinghearts.txt
2002.03.06 23:02 B F:\Documents and Settings\Stephen\Desktop\Elton John\eltonjohn-bullet.txt <-- Ipswitch /ejchordography/ eltonjohn-bullet.txt
2002.03.06 23:02 B F:\Documents and Settings\Stephen\Desktop\Elton John\eltonjohn-burndownthemission.txt <-- Ipswitch /ejchordography/ eltonjohn-burndownthemission.txt
2002.03.06 23:02 B F:\Documents and Settings\Stephen\Desktop\Elton John\eltonjohn-burningbuildings.txt <-- Ipswitch /ejchordography/ eltonjohn-burningbuildings.txt
2002.03.06 23:02 B F:\Documents and Settings\Stephen\Desktop\Elton John\eltonjohn-cagethesongbird.txt <-- Ipswitch /ejchordography/ eltonjohn-cagethesongbird.txt
2002.03.06 23:02 B F:\Documents and Settings\Stephen\Desktop\Elton John\eltonjohn-camera.txt <-- Ipswitch /ejchordography/ eltonjohn-camera.txt
2002.03.06 23:02 B F:\Documents and Settings\Stephen\Desktop\Elton John\eltonjohn-candleinthewind.txt <-- Ipswitch /ejchordography/ eltonjohn-candleinthewind.txt
2002.03.06 23:02 B F:\Documents and Settings\Stephen\Desktop\Elton John\eltonjohn-candybythepound.txt <-- Ipswitch /ejchordography/ eltonjohn-candybythepound.txt
2002.03.06 23:02 B F:\Documents and Settings\Stephen\Desktop\Elton John\eltonjohn-caniputyouon.txt <-- Ipswitch /ejchordography/ eltonjohn-caniputyouon.txt
2002.03.06 23:02 B F:\Documents and Settings\Stephen\Desktop\Elton John\eltonjohn-canyoufeelthelovetonight.txt <-- Ipswitch /ejchordography/ eltonjohn-canyoufeelthelovetonight.txt
2002.03.06 23:02 B F:\Documents and Settings\Stephen\Desktop\Elton John\eltonjohn-captainfantastic.txt <-- Ipswitch /ejchordography/ eltonjohn-captainfantastic.txt
2002.03.06 23:02 B F:\Documents and Settings\Stephen\Desktop\Elton John\eltonjohn-carlaetudefanfarechloe.txt <-- Ipswitch /ejchordography/ eltonjohn-carlaetudefanfarechloe.txt
2002.03.06 23:02 B F:\Documents and Settings\Stephen\Desktop\Elton John\eltonjohn-cartier.txt <-- Ipswitch /ejchordography/ eltonjohn-cartier.txt
2002.03.06 23:02 B F:\Documents and Settings\Stephen\Desktop\Elton John\eltonjohn-chameleon.txt <-- Ipswitch /ejchordography/ eltonjohn-chameleon.txt
2002.03.06 23:02 B F:\Documents and Settings\Stephen\Desktop\Elton John\eltonjohn-chasingthecrown.txt <-- Ipswitch /ejchordography/ eltonjohn-chasingthecrown.txt
2002.03.06 23:02 B F:\Documents and Settings\Stephen\Desktop\Elton John\eltonjohn-chloe.txt <-- Ipswitch /ejchordography/ eltonjohn-chloe.txt
2002.03.06 23:02 B F:\Documents and Settings\Stephen\Desktop\Elton John\eltonjohn-circle.txt <-- Ipswitch /ejchordography/ eltonjohn-circle.txt
2002.03.06 23:02 B F:\Documents and Settings\Stephen\Desktop\Elton John\eltonjohn-club.txt <-- Ipswitch /ejchordography/ eltonjohn-club.txt
2002.03.06 23:02 B F:\Documents and Settings\Stephen\Desktop\Elton John\eltonjohn-cold.txt <-- Ipswitch /ejchordography/ eltonjohn-cold.txt
2002.03.06 23:02 B F:\Documents and Settings\Stephen\Desktop\Elton John\eltonjohn-coldasxmas.txt <-- Ipswitch /ejchordography/ eltonjohn-coldasxmas.txt
2002.03.06 23:02 B F:\Documents and Settings\Stephen\Desktop\Elton John\eltonjohn-coldhighway.txt <-- Ipswitch /ejchordography/ eltonjohn-coldhighway.txt
2002.03.06 23:02 B F:\Documents and Settings\Stephen\Desktop\Elton John\eltonjohn-comebackbaby.txt <-- Ipswitch /ejchordography/ eltonjohn-comebackbaby.txt
2002.03.06 23:02 B F:\Documents and Settings\Stephen\Desktop\Elton John\eltonjohn-comedown.txt <-- Ipswitch /ejchordography/ eltonjohn-comedown.txt
2002.03.06 23:02 B F:\Documents and Settings\Stephen\Desktop\Elton John\eltonjohn-conquerthesun.txt <-- Ipswitch /ejchordography/ eltonjohn-conquerthesun.txt
2002.03.06 23:02 B F:\Documents and Settings\Stephen\Desktop\Elton John\eltonjohn-countrycomfort.txt <-- Ipswitch /ejchordography/ eltonjohn-countrycomfort.txt
2002.03.06 23:02 B F:\Documents and Settings\Stephen\Desktop\Elton John\eltonjohn-crazywater.txt <-- Ipswitch /ejchordography/ eltonjohn-crazywater.txt
2002.03.06 23:02 B F:\Documents and Settings\Stephen\Desktop\Elton John\eltonjohn-crocodilerock.txt <-- Ipswitch /ejchordography/ eltonjohn-crocodilerock.txt
2002.03.06 23:02 B F:\Documents and Settings\Stephen\Desktop\Elton John\eltonjohn-crystal.txt <-- Ipswitch /ejchordography/ eltonjohn-crystal.txt
2002.03.06 23:02 B F:\Documents and Settings\Stephen\Desktop\Elton John\eltonjohn-crytoheaven.txt <-- Ipswitch /ejchordography/ eltonjohn-crytoheaven.txt
2002.03.06 23:02 B F:\Documents and Settings\Stephen\Desktop\Elton John\eltonjohn-curtains.txt <-- Ipswitch /ejchordography/ eltonjohn-curtains.txt
2002.03.06 23:02 B F:\Documents and Settings\Stephen\Desktop\Elton John\eltonjohn-daniel.txt <-- Ipswitch /ejchordography/ eltonjohn-daniel.txt
2002.03.06 23:02 B F:\Documents and Settings\Stephen\Desktop\Elton John\eltonjohn-darkdiamond.txt <-- Ipswitch /ejchordography/ eltonjohn-darkdiamond.txt
2002.03.06 23:02 B F:\Documents and Settings\Stephen\Desktop\Elton John\eltonjohn-darkstreet.txt <-- Ipswitch /ejchordography/ eltonjohn-darkstreet.txt
2002.03.06 23:02 B F:\Documents and Settings\Stephen\Desktop\Elton John\eltonjohn-deargod.txt <-- Ipswitch /ejchordography/ eltonjohn-deargod.txt
2002.03.06 23:02 B F:\Documents and Settings\Stephen\Desktop\Elton John\eltonjohn-dearjohn.txt <-- Ipswitch /ejchordography/ eltonjohn-dearjohn.txt
2002.03.06 23:02 B F:\Documents and Settings\Stephen\Desktop\Elton John\eltonjohn-didheshoother.txt <-- Ipswitch /ejchordography/ eltonjohn-didheshoother.txt
2002.03.06 23:02 B F:\Documents and Settings\Stephen\Desktop\Elton John\eltonjohn-dirtylittlegirl.txt <-- Ipswitch /ejchordography/ eltonjohn-dirtylittlegirl.txt
2002.03.06 23:02 B F:\Documents and Settings\Stephen\Desktop\Elton John\eltonjohn-dixielily.txt <-- Ipswitch /ejchordography/ eltonjohn-dixielily.txt
2002.03.06 23:02 B F:\Documents and Settings\Stephen\Desktop\Elton John\eltonjohn-dontcare.txt <-- Ipswitch /ejchordography/ eltonjohn-dontcare.txt
2002.03.06 23:02 B F:\Documents and Settings\Stephen\Desktop\Elton John\eltonjohn-dontgobreakingmyheart.txt <-- Ipswitch /ejchordography/ eltonjohn-dontgobreakingmyheart.txt
2002.03.06 23:02 B F:\Documents and Settings\Stephen\Desktop\Elton John\eltonjohn-dontgobreakingrupaul.txt <-- Ipswitch /ejchordography/ eltonjohn-dontgobreakingrupaul.txt
2002.03.06 23:02 B F:\Documents and Settings\Stephen\Desktop\Elton John\eltonjohn-dontletthesungmichael.txt <-- Ipswitch /ejchordography/ eltonjohn-dontletthesungmichael.txt
2002.03.06 23:02 B F:\Documents and Settings\Stephen\Desktop\Elton John\eltonjohn-donttrustthatwoman.txt <-- Ipswitch /ejchordography/ eltonjohn-donttrustthatwoman.txt
2002.03.06 23:02 B F:\Documents and Settings\Stephen\Desktop\Elton John\eltonjohn-dreamboat.txt <-- Ipswitch /ejchordography/ eltonjohn-dreamboat.txt
2002.03.06 23:02 B F:\Documents and Settings\Stephen\Desktop\Elton John\eltonjohn-duetsforone.txt <-- Ipswitch /ejchordography/ eltonjohn-duetsforone.txt
2002.03.06 23:02 B F:\Documents and Settings\Stephen\Desktop\Elton John\eltonjohn-durbandeep.txt <-- Ipswitch /ejchordography/ eltonjohn-durbandeep.txt
2002.03.06 23:02 B F:\Documents and Settings\Stephen\Desktop\Elton John\eltonjohn-ego.txt <-- Ipswitch /ejchordography/ eltonjohn-ego.txt
2002.03.06 23:02 B F:\Documents and Settings\Stephen\Desktop\Elton John\eltonjohn-elaboratelives.txt <-- Ipswitch /ejchordography/ eltonjohn-elaboratelives.txt
2002.03.06 23:02 B F:\Documents and Settings\Stephen\Desktop\Elton John\eltonjohn-elderberrywine.txt <-- Ipswitch /ejchordography/ eltonjohn-elderberrywine.txt
2002.03.06 23:02 B F:\Documents and Settings\Stephen\Desktop\Elton John\eltonjohn-eldorado.txt <-- Ipswitch /ejchordography/ eltonjohn-eldorado.txt
2002.03.06 23:02 B F:\Documents and Settings\Stephen\Desktop\Elton John\eltonjohn-eltonsong.txt <-- Ipswitch /ejchordography/ eltonjohn-eltonsong.txt
2002.03.06 23:02 B F:\Documents and Settings\Stephen\Desktop\Elton John\eltonjohn-emily.txt <-- Ipswitch /ejchordography/ eltonjohn-emily.txt
2002.03.06 23:02 B F:\Documents and Settings\Stephen\Desktop\Elton John\eltonjohn-emptygarden.txt <-- Ipswitch /ejchordography/ eltonjohn-emptygarden.txt
2002.03.06 23:02 B F:\Documents and Settings\Stephen\Desktop\Elton John\eltonjohn-emptysky.txt <-- Ipswitch /ejchordography/ eltonjohn-emptysky.txt
2002.03.06 23:02 B F:\Documents and Settings\Stephen\Desktop\Elton John\eltonjohn-enchantment.txt <-- Ipswitch /ejchordography/ eltonjohn-enchantment.txt
2002.03.06 23:02 B F:\Documents and Settings\Stephen\Desktop\Elton John\eltonjohn-fascistfaces.txt <-- Ipswitch /ejchordography/ eltonjohn-fascistfaces.txt
2002.03.06 23:02 B F:\Documents and Settings\Stephen\Desktop\Elton John\eltonjohn-feedme.txt <-- Ipswitch /ejchordography/ eltonjohn-feedme.txt
2002.03.06 23:02 B F:\Documents and Settings\Stephen\Desktop\Elton John\eltonjohn-firstepisodeathienton.txt <-- Ipswitch /ejchordography/ eltonjohn-firstepisodeathienton.txt
2002.03.06 23:02 B F:\Documents and Settings\Stephen\Desktop\Elton John\eltonjohn-firsttearshows.txt <-- Ipswitch /ejchordography/ eltonjohn-firsttearshows.txt
2002.03.06 23:02 B F:\Documents and Settings\Stephen\Desktop\Elton John\eltonjohn-foolsinfashion.txt <-- Ipswitch /ejchordography/ eltonjohn-foolsinfashion.txt
2002.03.06 23:02 B F:\Documents and Settings\Stephen\Desktop\Elton John\eltonjohn-friends.txt <-- Ipswitch /ejchordography/ eltonjohn-friends.txt
2002.03.06 23:02 B F:\Documents and Settings\Stephen\Desktop\Elton John\eltonjohn-friendsneversaygoodbye.txt <-- Ipswitch /ejchordography/ eltonjohn-friendsneversaygoodbye.txt
2002.03.06 23:02 B F:\Documents and Settings\Stephen\Desktop\Elton John\eltonjohn-funeralforafriend.txt <-- Ipswitch /ejchordography/ eltonjohn-funeralforafriend.txt
2002.03.06 23:02 B F:\Documents and Settings\Stephen\Desktop\Elton John\eltonjohn-georgia.txt <-- Ipswitch /ejchordography/ eltonjohn-georgia.txt
2002.03.06 23:02 B F:\Documents and Settings\Stephen\Desktop\Elton John\eltonjohn-givemethelove.txt <-- Ipswitch /ejchordography/ eltonjohn-givemethelove.txt
2002.03.06 23:02 B F:\Documents and Settings\Stephen\Desktop\Elton John\eltonjohn-goitalone.txt <-- Ipswitch /ejchordography/ eltonjohn-goitalone.txt
2002.03.06 23:02 B F:\Documents and Settings\Stephen\Desktop\Elton John\eltonjohn-goodbye.txt <-- Ipswitch /ejchordography/ eltonjohn-goodbye.txt
2002.03.06 23:02 B F:\Documents and Settings\Stephen\Desktop\Elton John\eltonjohn-goodbyeyellowbrickroad.txt <-- Ipswitch /ejchordography/ eltonjohn-goodbyeyellowbrickroad.txt
2002.03.06 23:02 B F:\Documents and Settings\Stephen\Desktop\Elton John\eltonjohn-goonandon.txt <-- Ipswitch /ejchordography/ eltonjohn-goonandon.txt
2002.03.06 23:02 B F:\Documents and Settings\Stephen\Desktop\Elton John\eltonjohn-gottagetamealticket.txt <-- Ipswitch /ejchordography/ eltonjohn-gottagetamealticket.txt
2002.03.06 23:02 B F:\Documents and Settings\Stephen\Desktop\Elton John\eltonjohn-greatest.txt <-- Ipswitch /ejchordography/ eltonjohn-greatest.txt
2002.03.06 23:02 B F:\Documents and Settings\Stephen\Desktop\Elton John\eltonjohn-greyseal1973.txt <-- Ipswitch /ejchordography/ eltonjohn-greyseal1973.txt
2002.03.06 23:02 B F:\Documents and Settings\Stephen\Desktop\Elton John\eltonjohn-greysealoriginal.txt <-- Ipswitch /ejchordography/ eltonjohn-greysealoriginal.txt
2002.03.06 23:02 B F:\Documents and Settings\Stephen\Desktop\Elton John\eltonjohn-grimsby.txt <-- Ipswitch /ejchordography/ eltonjohn-grimsby.txt
2002.03.06 23:02 B F:\Documents and Settings\Stephen\Desktop\Elton John\eltonjohn-growsomefunkofyourown.txt <-- Ipswitch /ejchordography/ eltonjohn-growsomefunkofyourown.txt
2002.03.06 23:02 B F:\Documents and Settings\Stephen\Desktop\Elton John\eltonjohn-gulliverhaychewed.txt <-- Ipswitch /ejchordography/ eltonjohn-gulliverhaychewed.txt
2002.03.06 23:02 B F:\Documents and Settings\Stephen\Desktop\Elton John\eltonjohn-gypsyheart.txt <-- Ipswitch /ejchordography/ eltonjohn-gypsyheart.txt
2002.03.06 23:02 B F:\Documents and Settings\Stephen\Desktop\Elton John\eltonjohn-hardluckstory.txt <-- Ipswitch /ejchordography/ eltonjohn-hardluckstory.txt
2002.03.06 23:02 B F:\Documents and Settings\Stephen\Desktop\Elton John\eltonjohn-harmony.txt <-- Ipswitch /ejchordography/ eltonjohn-harmony.txt
2002.03.06 23:02 B F:\Documents and Settings\Stephen\Desktop\Elton John\eltonjohn-havemercyonthecriminal.txt <-- Ipswitch /ejchordography/ eltonjohn-havemercyonthecriminal.txt
2002.03.06 23:02 B F:\Documents and Settings\Stephen\Desktop\Elton John\eltonjohn-healinghands.txt <-- Ipswitch /ejchordography/ eltonjohn-healinghands.txt
2002.03.06 23:02 B F:\Documents and Settings\Stephen\Desktop\Elton John\eltonjohn-heartache.txt <-- Ipswitch /ejchordography/ eltonjohn-heartache.txt
2002.03.06 23:02 B F:\Documents and Settings\Stephen\Desktop\Elton John\eltonjohn-heartintherightplace.txt <-- Ipswitch /ejchordography/ eltonjohn-heartintherightplace.txt
2002.03.06 23:02 B F:\Documents and Settings\Stephen\Desktop\Elton John\eltonjohn-heavytraffic.txt <-- Ipswitch /ejchordography/ eltonjohn-heavytraffic.txt
2002.03.06 23:02 B F:\Documents and Settings\Stephen\Desktop\Elton John\eltonjohn-heelsofhewind.txt <-- Ipswitch /ejchordography/ eltonjohn-heelsofhewind.txt
2002.03.06 23:02 B F:\Documents and Settings\Stephen\Desktop\Elton John\eltonjohn-hercules.txt <-- Ipswitch /ejchordography/ eltonjohn-hercules.txt
2002.03.06 23:02 B F:\Documents and Settings\Stephen\Desktop\Elton John\eltonjohn-herestothenexttime.txt <-- Ipswitch /ejchordography/ eltonjohn-herestothenexttime.txt
2002.03.06 23:02 B F:\Documents and Settings\Stephen\Desktop\Elton John\eltonjohn-heypapalegba.txt <-- Ipswitch /ejchordography/ eltonjohn-heypapalegba.txt
2002.03.06 23:02 B F:\Documents and Settings\Stephen\Desktop\Elton John\eltonjohn-highflyingbird.txt <-- Ipswitch /ejchordography/ eltonjohn-highflyingbird.txt
2002.03.06 23:02 B F:\Documents and Settings\Stephen\Desktop\Elton John\eltonjohn-historyyoungagain.txt <-- Ipswitch /ejchordography/ eltonjohn-historyyoungagain.txt
2002.03.06 23:02 B F:\Documents and Settings\Stephen\Desktop\Elton John\eltonjohn-holidayinn.txt <-- Ipswitch /ejchordography/ eltonjohn-holidayinn.txt
2002.03.06 23:02 B F:\Documents and Settings\Stephen\Desktop\Elton John\eltonjohn-honeyroll.txt <-- Ipswitch /ejchordography/ eltonjohn-honeyroll.txt
2002.03.06 23:02 B F:\Documents and Settings\Stephen\Desktop\Elton John\eltonjohn-honkycat.txt <-- Ipswitch /ejchordography/ eltonjohn-honkycat.txt
2002.03.06 23:02 B F:\Documents and Settings\Stephen\Desktop\Elton John\eltonjohn-hoopoffire.txt <-- Ipswitch /ejchordography/ eltonjohn-hoopoffire.txt
2002.03.06 23:02 B F:\Documents and Settings\Stephen\Desktop\Elton John\eltonjohn-house.txt <-- Ipswitch /ejchordography/ eltonjohn-house.txt
2002.03.06 23:02 B F:\Documents and Settings\Stephen\Desktop\Elton John\eltonjohn-houseofcards.txt <-- Ipswitch /ejchordography/ eltonjohn-houseofcards.txt
2002.03.06 23:02 B F:\Documents and Settings\Stephen\Desktop\Elton John\eltonjohn-hymn2000.txt <-- Ipswitch /ejchordography/ eltonjohn-hymn2000.txt
2002.03.06 23:02 B F:\Documents and Settings\Stephen\Desktop\Elton John\eltonjohn-iamyourrobot.txt <-- Ipswitch /ejchordography/ eltonjohn-iamyourrobot.txt
2002.03.06 23:02 B F:\Documents and Settings\Stephen\Desktop\Elton John\eltonjohn-icantsteer.txt <-- Ipswitch /ejchordography/ eltonjohn-icantsteer.txt
2002.03.06 23:02 B F:\Documents and Settings\Stephen\Desktop\Elton John\eltonjohn-icryatnight.txt <-- Ipswitch /ejchordography/ eltonjohn-icryatnight.txt
2002.03.06 23:02 B F:\Documents and Settings\Stephen\Desktop\Elton John\eltonjohn-idol.txt <-- Ipswitch /ejchordography/ eltonjohn-idol.txt
2002.03.06 23:03 B F:\Documents and Settings\Stephen\Desktop\Elton John\eltonjohn-idontwanna.txt <-- Ipswitch /ejchordography/ eltonjohn-idontwanna.txt
2002.03.06 23:03 B F:\Documents and Settings\Stephen\Desktop\Elton John\eltonjohn-ifallapart.txt <-- Ipswitch /ejchordography/ eltonjohn-ifallapart.txt
2002.03.06 23:03 B F:\Documents and Settings\Stephen\Desktop\Elton John\eltonjohn-iftheresagodinheaven.txt <-- Ipswitch /ejchordography/ eltonjohn-iftheresagodinheaven.txt
2002.03.06 23:03 B F:\Documents and Settings\Stephen\Desktop\Elton John\eltonjohn-iftherivercanbend.txt <-- Ipswitch /ejchordography/ eltonjohn-iftherivercanbend.txt
2002.03.06 23:03 B F:\Documents and Settings\Stephen\Desktop\Elton John\eltonjohn-ifyouwereme.txt <-- Ipswitch /ejchordography/ eltonjohn-ifyouwereme.txt
2002.03.06 23:03 B F:\Documents and Settings\Stephen\Desktop\Elton John\eltonjohn-igetalittlebitlonely.txt <-- Ipswitch /ejchordography/ eltonjohn-igetalittlebitlonely.txt
2002.03.06 23:03 B F:\Documents and Settings\Stephen\Desktop\Elton John\eltonjohn-iguess.txt <-- Ipswitch /ejchordography/ eltonjohn-iguess.txt
2002.03.06 23:03 B F:\Documents and Settings\Stephen\Desktop\Elton John\eltonjohn-ijustcantwaittobeking.txt <-- Ipswitch /ejchordography/ eltonjohn-ijustcantwaittobeking.txt
2002.03.06 23:03 B F:\Documents and Settings\Stephen\Desktop\Elton John\eltonjohn-imstillstanding.txt <-- Ipswitch /ejchordography/ eltonjohn-imstillstanding.txt
2002.03.06 23:03 B F:\Documents and Settings\Stephen\Desktop\Elton John\eltonjohn-imyourpuppet.txt <-- Ipswitch /ejchordography/ eltonjohn-imyourpuppet.txt
2002.03.06 23:03 B F:\Documents and Settings\Stephen\Desktop\Elton John\eltonjohn-indiansunset.txt <-- Ipswitch /ejchordography/ eltonjohn-indiansunset.txt
2002.03.06 23:03 B F:\Documents and Settings\Stephen\Desktop\Elton John\eltonjohn-ineedto.txt <-- Ipswitch /ejchordography/ eltonjohn-ineedto.txt
2002.03.06 23:03 B F:\Documents and Settings\Stephen\Desktop\Elton John\eltonjohn-ineverknewhername.txt <-- Ipswitch /ejchordography/ eltonjohn-ineverknewhername.txt
2002.03.06 23:03 B F:\Documents and Settings\Stephen\Desktop\Elton John\eltonjohn-inneon.txt <-- Ipswitch /ejchordography/ eltonjohn-inneon.txt
2002.03.06 23:03 B F:\Documents and Settings\Stephen\Desktop\Elton John\eltonjohn-inventedgirls.txt <-- Ipswitch /ejchordography/ eltonjohn-inventedgirls.txt
2002.03.06 23:03 B F:\Documents and Settings\Stephen\Desktop\Elton John\eltonjohn-islandgirl.txt <-- Ipswitch /ejchordography/ eltonjohn-islandgirl.txt
2002.03.06 23:03 B F:\Documents and Settings\Stephen\Desktop\Elton John\eltonjohn-itaintgonnabeeasy.txt <-- Ipswitch /ejchordography/ eltonjohn-itaintgonnabeeasy.txt
2002.03.06 23:03 B F:\Documents and Settings\Stephen\Desktop\Elton John\eltonjohn-ithinkimgonnakillmyself.txt <-- Ipswitch /ejchordography/ eltonjohn-ithinkimgonnakillmyself.txt
2002.03.06 23:03 B F:\Documents and Settings\Stephen\Desktop\Elton John\eltonjohn-itsmethatyouneed.txt <-- Ipswitch /ejchordography/ eltonjohn-itsmethatyouneed.txt
2002.03.06 23:03 B F:\Documents and Settings\Stephen\Desktop\Elton John\eltonjohn-ivebeenlovingyou.txt <-- Ipswitch /ejchordography/ eltonjohn-ivebeenlovingyou.txt
2002.03.06 23:03 B F:\Documents and Settings\Stephen\Desktop\Elton John\eltonjohn-iveseenthat.txt <-- Ipswitch /ejchordography/ eltonjohn-iveseenthat.txt
2002.03.06 23:03 B F:\Documents and Settings\Stephen\Desktop\Elton John\eltonjohn-iveseenthesaucers.txt <-- Ipswitch /ejchordography/ eltonjohn-iveseenthesaucers.txt
2002.03.06 23:03 B F:\Documents and Settings\Stephen\Desktop\Elton John\eltonjohn-iwantlove.txt <-- Ipswitch /ejchordography/ eltonjohn-iwantlove.txt
2002.03.06 23:03 B F:\Documents and Settings\Stephen\Desktop\Elton John\eltonjohn-jackrabbit.txt <-- Ipswitch /ejchordography/ eltonjohn-jackrabbit.txt
2002.03.06 23:03 B F:\Documents and Settings\Stephen\Desktop\Elton John\eltonjohn-jamaicajerkoff.txt <-- Ipswitch /ejchordography/ eltonjohn-jamaicajerkoff.txt
2002.03.06 23:03 B F:\Documents and Settings\Stephen\Desktop\Elton John\eltonjohn-january.txt <-- Ipswitch /ejchordography/ eltonjohn-january.txt
2002.03.06 23:03 B F:\Documents and Settings\Stephen\Desktop\Elton John\eltonjohn-japanesehands.txt <-- Ipswitch /ejchordography/ eltonjohn-japanesehands.txt
2002.03.06 23:03 B F:\Documents and Settings\Stephen\Desktop\Elton John\eltonjohn-justlikestrangerain.txt <-- Ipswitch /ejchordography/ eltonjohn-justlikestrangerain.txt
2002.03.06 23:03 B F:\Documents and Settings\Stephen\Desktop\Elton John\eltonjohn-kingmustdie.txt <-- Ipswitch /ejchordography/ eltonjohn-kingmustdie.txt
2002.03.06 23:03 B F:\Documents and Settings\Stephen\Desktop\Elton John\eltonjohn-kissthebride.txt <-- Ipswitch /ejchordography/ eltonjohn-kissthebride.txt
2002.03.06 23:03 B F:\Documents and Settings\Stephen\Desktop\Elton John\eltonjohn-ladysamantha.txt <-- Ipswitch /ejchordography/ eltonjohn-ladysamantha.txt
2002.03.06 23:03 B F:\Documents and Settings\Stephen\Desktop\Elton John\eltonjohn-ladysamantha2.txt <-- Ipswitch /ejchordography/ eltonjohn-ladysamantha2.txt
2002.03.06 23:03 B F:\Documents and Settings\Stephen\Desktop\Elton John\eltonjohn-ladywhatstomorrow.txt <-- Ipswitch /ejchordography/ eltonjohn-ladywhatstomorrow.txt
2002.03.06 23:03 B F:\Documents and Settings\Stephen\Desktop\Elton John\eltonjohn-lattitude.txt <-- Ipswitch /ejchordography/ eltonjohn-lattitude.txt
2002.03.06 23:03 B F:\Documents and Settings\Stephen\Desktop\Elton John\eltonjohn-leatherjackets.txt <-- Ipswitch /ejchordography/ eltonjohn-leatherjackets.txt
2002.03.06 23:03 B F:\Documents and Settings\Stephen\Desktop\Elton John\eltonjohn-legalboys.txt <-- Ipswitch /ejchordography/ eltonjohn-legalboys.txt
2002.03.06 23:03 B F:\Documents and Settings\Stephen\Desktop\Elton John\eltonjohn-lesaveux.txt <-- Ipswitch /ejchordography/ eltonjohn-lesaveux.txt
2002.03.06 23:03 B F:\Documents and Settings\Stephen\Desktop\Elton John\eltonjohn-letmebeyourcar.txt <-- Ipswitch /ejchordography/ eltonjohn-letmebeyourcar.txt
2002.03.06 23:03 B F:\Documents and Settings\Stephen\Desktop\Elton John\eltonjohn-levon.txt <-- Ipswitch /ejchordography/ eltonjohn-levon.txt
2002.03.06 23:03 B F:\Documents and Settings\Stephen\Desktop\Elton John\eltonjohn-lies.txt <-- Ipswitch /ejchordography/ eltonjohn-lies.txt
2002.03.06 23:03 B F:\Documents and Settings\Stephen\Desktop\Elton John\eltonjohn-lilfrigerator.txt <-- Ipswitch /ejchordography/ eltonjohn-lilfrigerator.txt
2002.03.06 23:03 B F:\Documents and Settings\Stephen\Desktop\Elton John\eltonjohn-littlejeannie.txt <-- Ipswitch /ejchordography/ eltonjohn-littlejeannie.txt
2002.03.06 23:03 B F:\Documents and Settings\Stephen\Desktop\Elton John\eltonjohn-livelikehorses.txt <-- Ipswitch /ejchordography/ eltonjohn-livelikehorses.txt
2002.03.06 23:03 B F:\Documents and Settings\Stephen\Desktop\Elton John\eltonjohn-lonelyboy.txt <-- Ipswitch /ejchordography/ eltonjohn-lonelyboy.txt
2002.03.06 23:03 B F:\Documents and Settings\Stephen\Desktop\Elton John\eltonjohn-longwayhappiness.txt <-- Ipswitch /ejchordography/ eltonjohn-longwayhappiness.txt
2002.03.06 23:03 B F:\Documents and Settings\Stephen\Desktop\Elton John\eltonjohn-lookmanohands2.txt <-- Ipswitch /ejchordography/ eltonjohn-lookmanohands2.txt
2002.03.06 23:03 B F:\Documents and Settings\Stephen\Desktop\Elton John\eltonjohn-loveherlikeme.txt <-- Ipswitch /ejchordography/ eltonjohn-loveherlikeme.txt
2002.03.06 23:03 B F:\Documents and Settings\Stephen\Desktop\Elton John\eltonjohn-loveisworthwaitingfor.txt <-- Ipswitch /ejchordography/ eltonjohn-loveisworthwaitingfor.txt
2002.03.06 23:03 B F:\Documents and Settings\Stephen\Desktop\Elton John\eltonjohn-loveletters.txt <-- Ipswitch /ejchordography/ eltonjohn-loveletters.txt
2002.03.06 23:03 B F:\Documents and Settings\Stephen\Desktop\Elton John\eltonjohn-lovesgotalot.txt <-- Ipswitch /ejchordography/ eltonjohn-lovesgotalot.txt
2002.03.06 23:03 B F:\Documents and Settings\Stephen\Desktop\Elton John\eltonjohn-lovesick.txt <-- Ipswitch /ejchordography/ eltonjohn-lovesick.txt
2002.03.06 23:03 B F:\Documents and Settings\Stephen\Desktop\Elton John\eltonjohn-lovesocold.txt <-- Ipswitch /ejchordography/ eltonjohn-lovesocold.txt
2002.03.06 23:03 B F:\Documents and Settings\Stephen\Desktop\Elton John\eltonjohn-lovesocold2.txt <-- Ipswitch /ejchordography/ eltonjohn-lovesocold2.txt
2002.03.06 23:03 B F:\Documents and Settings\Stephen\Desktop\Elton John\eltonjohn-lovesomeone.txt <-- Ipswitch /ejchordography/ eltonjohn-lovesomeone.txt
2002.03.06 23:03 B F:\Documents and Settings\Stephen\Desktop\Elton John\eltonjohn-lovesong2.txt <-- Ipswitch /ejchordography/ eltonjohn-lovesong2.txt
2002.03.06 23:03 B F:\Documents and Settings\Stephen\Desktop\Elton John\eltonjohn-lucyinthesky.txt <-- Ipswitch /ejchordography/ eltonjohn-lucyinthesky.txt
2002.03.06 23:03 B F:\Documents and Settings\Stephen\Desktop\Elton John\eltonjohn-madeinengland.txt <-- Ipswitch /ejchordography/ eltonjohn-madeinengland.txt
2002.03.06 23:03 B F:\Documents and Settings\Stephen\Desktop\Elton John\eltonjohn-madhatterspt2.txt <-- Ipswitch /ejchordography/ eltonjohn-madhatterspt2.txt
2002.03.06 23:03 B F:\Documents and Settings\Stephen\Desktop\Elton John\eltonjohn-madmanthewater.txt <-- Ipswitch /ejchordography/ eltonjohn-madmanthewater.txt
2002.03.06 23:03 B F:\Documents and Settings\Stephen\Desktop\Elton John\eltonjohn-madness.txt <-- Ipswitch /ejchordography/ eltonjohn-madness.txt
2002.03.06 23:03 B F:\Documents and Settings\Stephen\Desktop\Elton John\eltonjohn-mamacantbuyyoulove.txt <-- Ipswitch /ejchordography/ eltonjohn-mamacantbuyyoulove.txt
2002.03.06 23:03 B F:\Documents and Settings\Stephen\Desktop\Elton John\eltonjohn-man.txt <-- Ipswitch /ejchordography/ eltonjohn-man.txt
2002.03.06 23:03 B F:\Documents and Settings\Stephen\Desktop\Elton John\eltonjohn-marlonbrando.txt <-- Ipswitch /ejchordography/ eltonjohn-marlonbrando.txt
2002.03.06 23:03 B F:\Documents and Settings\Stephen\Desktop\Elton John\eltonjohn-medley.txt <-- Ipswitch /ejchordography/ eltonjohn-medley.txt
2002.03.06 23:03 B F:\Documents and Settings\Stephen\Desktop\Elton John\eltonjohn-mellow.txt <-- Ipswitch /ejchordography/ eltonjohn-mellow.txt
2002.03.06 23:03 B F:\Documents and Settings\Stephen\Desktop\Elton John\eltonjohn-memory.txt <-- Ipswitch /ejchordography/ eltonjohn-memory.txt
2002.03.06 23:03 B F:\Documents and Settings\Stephen\Desktop\Elton John\eltonjohn-michellessong.txt <-- Ipswitch /ejchordography/ eltonjohn-michellessong.txt
2002.03.06 23:03 B F:\Documents and Settings\Stephen\Desktop\Elton John\eltonjohn-midnightcreeper.txt <-- Ipswitch /ejchordography/ eltonjohn-midnightcreeper.txt
2002.03.06 23:03 B F:\Documents and Settings\Stephen\Desktop\Elton John\eltonjohn-monalisasandmadhatters.txt <-- Ipswitch /ejchordography/ eltonjohn-monalisasandmadhatters.txt
2002.03.06 23:03 B F:\Documents and Settings\Stephen\Desktop\Elton John\eltonjohn-myfathersgun.txt <-- Ipswitch /ejchordography/ eltonjohn-myfathersgun.txt
2002.03.06 23:03 B F:\Documents and Settings\Stephen\Desktop\Elton John\eltonjohn-nevergonnafallinloveagain.txt <-- Ipswitch /ejchordography/ eltonjohn-nevergonnafallinloveagain.txt
2002.03.06 23:03 B F:\Documents and Settings\Stephen\Desktop\Elton John\eltonjohn-night.txt <-- Ipswitch /ejchordography/ eltonjohn-night.txt
2002.03.06 23:03 B F:\Documents and Settings\Stephen\Desktop\Elton John\eltonjohn-nikita.txt <-- Ipswitch /ejchordography/ eltonjohn-nikita.txt
2002.03.06 23:03 B F:\Documents and Settings\Stephen\Desktop\Elton John\eltonjohn-nobodywins.txt <-- Ipswitch /ejchordography/ eltonjohn-nobodywins.txt
2002.03.06 23:03 B F:\Documents and Settings\Stephen\Desktop\Elton John\eltonjohn-noshoestrings.txt <-- Ipswitch /ejchordography/ eltonjohn-noshoestrings.txt
2002.03.06 23:03 B F:\Documents and Settings\Stephen\Desktop\Elton John\eltonjohn-novalentines.txt <-- Ipswitch /ejchordography/ eltonjohn-novalentines.txt
2002.03.06 23:03 B F:\Documents and Settings\Stephen\Desktop\Elton John\eltonjohn-oldfriend.txt <-- Ipswitch /ejchordography/ eltonjohn-oldfriend.txt
2002.03.06 23:03 B F:\Documents and Settings\Stephen\Desktop\Elton John\eltonjohn-oldmansshoes.txt <-- Ipswitch /ejchordography/ eltonjohn-oldmansshoes.txt
2002.03.06 23:03 B F:\Documents and Settings\Stephen\Desktop\Elton John\eltonjohn-onedayatatime.txt <-- Ipswitch /ejchordography/ eltonjohn-onedayatatime.txt
2002.03.06 23:03 B F:\Documents and Settings\Stephen\Desktop\Elton John\eltonjohn-onehorsetown.txt <-- Ipswitch /ejchordography/ eltonjohn-onehorsetown.txt
2002.03.06 23:03 B F:\Documents and Settings\Stephen\Desktop\Elton John\eltonjohn-onemorearrow.txt <-- Ipswitch /ejchordography/ eltonjohn-onemorearrow.txt
2002.03.06 23:03 B F:\Documents and Settings\Stephen\Desktop\Elton John\eltonjohn-originalsin.txt <-- Ipswitch /ejchordography/ eltonjohn-originalsin.txt
2002.03.06 23:03 B F:\Documents and Settings\Stephen\Desktop\Elton John\eltonjohn-outoftheblue.txt <-- Ipswitch /ejchordography/ eltonjohn-outoftheblue.txt
2002.03.06 23:03 B F:\Documents and Settings\Stephen\Desktop\Elton John\eltonjohn-pain.txt <-- Ipswitch /ejchordography/ eltonjohn-pain.txt
2002.03.06 23:03 B F:\Documents and Settings\Stephen\Desktop\Elton John\eltonjohn-paris.txt <-- Ipswitch /ejchordography/ eltonjohn-paris.txt
2002.03.06 23:03 B F:\Documents and Settings\Stephen\Desktop\Elton John\eltonjohn-parttimelove.txt <-- Ipswitch /ejchordography/ eltonjohn-parttimelove.txt
2002.03.06 23:03 B F:\Documents and Settings\Stephen\Desktop\Elton John\eltonjohn-passengers.txt <-- Ipswitch /ejchordography/ eltonjohn-passengers.txt
2002.03.06 23:03 B F:\Documents and Settings\Stephen\Desktop\Elton John\eltonjohn-perfectlove.txt <-- Ipswitch /ejchordography/ eltonjohn-perfectlove.txt
2002.03.06 23:03 B F:\Documents and Settings\Stephen\Desktop\Elton John\eltonjohn-philadelphiafreedom.txt <-- Ipswitch /ejchordography/ eltonjohn-philadelphiafreedom.txt
2002.03.06 23:03 B F:\Documents and Settings\Stephen\Desktop\Elton John\eltonjohn-pilotfeature.txt <-- Ipswitch /ejchordography/ eltonjohn-pilotfeature.txt
2002.03.06 23:03 B F:\Documents and Settings\Stephen\Desktop\Elton John\eltonjohn-pinballwizard.txt <-- Ipswitch /ejchordography/ eltonjohn-pinballwizard.txt
2002.03.06 23:03 B F:\Documents and Settings\Stephen\Desktop\Elton John\eltonjohn-pinky.txt <-- Ipswitch /ejchordography/ eltonjohn-pinky.txt
2002.03.06 23:03 B F:\Documents and Settings\Stephen\Desktop\Elton John\eltonjohn-planes.txt <-- Ipswitch /ejchordography/ eltonjohn-planes.txt
2002.03.06 23:03 B F:\Documents and Settings\Stephen\Desktop\Elton John\eltonjohn-please.txt <-- Ipswitch /ejchordography/ eltonjohn-please.txt
2002.03.06 23:03 B F:\Documents and Settings\Stephen\Desktop\Elton John\eltonjohn-poorcow.txt <-- Ipswitch /ejchordography/ eltonjohn-poorcow.txt
2002.03.06 23:03 B F:\Documents and Settings\Stephen\Desktop\Elton John\eltonjohn-princess.txt <-- Ipswitch /ejchordography/ eltonjohn-princess.txt
2002.03.06 23:03 B F:\Documents and Settings\Stephen\Desktop\Elton John\eltonjohn-razorface.txt <-- Ipswitch /ejchordography/ eltonjohn-razorface.txt
2002.03.06 23:03 B F:\Documents and Settings\Stephen\Desktop\Elton John\eltonjohn-recoveryoursoul.txt <-- Ipswitch /ejchordography/ eltonjohn-recoveryoursoul.txt
2002.03.06 23:03 B F:\Documents and Settings\Stephen\Desktop\Elton John\eltonjohn-red.txt <-- Ipswitch /ejchordography/ eltonjohn-red.txt
2002.03.06 23:03 B F:\Documents and Settings\Stephen\Desktop\Elton John\eltonjohn-religion.txt <-- Ipswitch /ejchordography/ eltonjohn-religion.txt
2002.03.06 23:03 B F:\Documents and Settings\Stephen\Desktop\Elton John\eltonjohn-restless.txt <-- Ipswitch /ejchordography/ eltonjohn-restless.txt
2002.03.06 23:03 B F:\Documents and Settings\Stephen\Desktop\Elton John\eltonjohn-returntoparadise.txt <-- Ipswitch /ejchordography/ eltonjohn-returntoparadise.txt
2002.03.06 23:03 B F:\Documents and Settings\Stephen\Desktop\Elton John\eltonjohn-reverie.txt <-- Ipswitch /ejchordography/ eltonjohn-reverie.txt
2002.03.06 23:03 B F:\Documents and Settings\Stephen\Desktop\Elton John\eltonjohn-rockandrollmadonna.txt <-- Ipswitch /ejchordography/ eltonjohn-rockandrollmadonna.txt
2002.03.06 23:03 B F:\Documents and Settings\Stephen\Desktop\Elton John\eltonjohn-rocketman.txt <-- Ipswitch /ejchordography/ eltonjohn-rocketman.txt
2002.03.06 23:03 B F:\Documents and Settings\Stephen\Desktop\Elton John\eltonjohn-rockme.txt <-- Ipswitch /ejchordography/ eltonjohn-rockme.txt
2002.03.06 23:03 B F:\Documents and Settings\Stephen\Desktop\Elton John\eltonjohn-rollingwesternunion.txt <-- Ipswitch /ejchordography/ eltonjohn-rollingwesternunion.txt
2002.03.06 23:03 B F:\Documents and Settings\Stephen\Desktop\Elton John\eltonjohn-rottenpeaches.txt <-- Ipswitch /ejchordography/ eltonjohn-rottenpeaches.txt
2002.03.06 23:03 B F:\Documents and Settings\Stephen\Desktop\Elton John\eltonjohn-royrogers.txt <-- Ipswitch /ejchordography/ eltonjohn-royrogers.txt
2002.03.06 23:03 B F:\Documents and Settings\Stephen\Desktop\Elton John\eltonjohn-runawaytrain.txt <-- Ipswitch /ejchordography/ eltonjohn-runawaytrain.txt
2002.03.06 23:03 B F:\Documents and Settings\Stephen\Desktop\Elton John\eltonjohn-Runawaytrain.txt <-- Ipswitch /ejchordography/ eltonjohn-Runawaytrain.txt
2002.03.06 23:03 B F:\Documents and Settings\Stephen\Desktop\Elton John\eltonjohn-sacrifice.txt <-- Ipswitch /ejchordography/ eltonjohn-sacrifice.txt
2002.03.06 23:03 B F:\Documents and Settings\Stephen\Desktop\Elton John\eltonjohn-sadsongs.txt <-- Ipswitch /ejchordography/ eltonjohn-sadsongs.txt
2002.03.06 23:03 B F:\Documents and Settings\Stephen\Desktop\Elton John\eltonjohn-sails.txt <-- Ipswitch /ejchordography/ eltonjohn-sails.txt
2002.03.06 23:03 B F:\Documents and Settings\Stephen\Desktop\Elton John\eltonjohn-saint.txt <-- Ipswitch /ejchordography/ eltonjohn-saint.txt
2002.03.06 23:03 B F:\Documents and Settings\Stephen\Desktop\Elton John\eltonjohn-salvation.txt <-- Ipswitch /ejchordography/ eltonjohn-salvation.txt
2002.03.06 23:03 B F:\Documents and Settings\Stephen\Desktop\Elton John\eltonjohn-sandwater.txt <-- Ipswitch /ejchordography/ eltonjohn-sandwater.txt
2002.03.06 23:03 B F:\Documents and Settings\Stephen\Desktop\Elton John\eltonjohn-sartorialeloquence.txt <-- Ipswitch /ejchordography/ eltonjohn-sartorialeloquence.txt
2002.03.06 23:03 B F:\Documents and Settings\Stephen\Desktop\Elton John\eltonjohn-satellite.txt <-- Ipswitch /ejchordography/ eltonjohn-satellite.txt
2002.03.06 23:04 B F:\Documents and Settings\Stephen\Desktop\Elton John\eltonjohn-saturdaynightsalright.txt <-- Ipswitch /ejchordography/ eltonjohn-saturdaynightsalright.txt
2002.03.06 23:04 B F:\Documents and Settings\Stephen\Desktop\Elton John\eltonjohn-screwyou.txt <-- Ipswitch /ejchordography/ eltonjohn-screwyou.txt
2002.03.06 23:04 B F:\Documents and Settings\Stephen\Desktop\Elton John\eltonjohn-seasons.txt <-- Ipswitch /ejchordography/ eltonjohn-seasons.txt
2002.03.06 23:04 B F:\Documents and Settings\Stephen\Desktop\Elton John\eltonjohn-shakeyground.txt <-- Ipswitch /ejchordography/ eltonjohn-shakeyground.txt
2002.03.06 23:04 B F:\Documents and Settings\Stephen\Desktop\Elton John\eltonjohn-shineonthrough-thombellversion.txt <-- Ipswitch /ejchordography/ eltonjohn-shineonthrough-thombellversion.txt
2002.03.06 23:04 B F:\Documents and Settings\Stephen\Desktop\Elton John\eltonjohn-shineonthrough.txt <-- Ipswitch /ejchordography/ eltonjohn-shineonthrough.txt
2002.03.06 23:04 B F:\Documents and Settings\Stephen\Desktop\Elton John\eltonjohn-shootdown.txt <-- Ipswitch /ejchordography/ eltonjohn-shootdown.txt
2002.03.06 23:04 B F:\Documents and Settings\Stephen\Desktop\Elton John\eltonjohn-shootingstar.txt <-- Ipswitch /ejchordography/ eltonjohn-shootingstar.txt
2002.03.06 23:04 B F:\Documents and Settings\Stephen\Desktop\Elton John\eltonjohn-shoulderholster.txt <-- Ipswitch /ejchordography/ eltonjohn-shoulderholster.txt
2002.03.06 23:04 B F:\Documents and Settings\Stephen\Desktop\Elton John\eltonjohn-sickcity.txt <-- Ipswitch /ejchordography/ eltonjohn-sickcity.txt
2002.03.06 23:04 B F:\Documents and Settings\Stephen\Desktop\Elton John\eltonjohn-simplelife.txt <-- Ipswitch /ejchordography/ eltonjohn-simplelife.txt
2002.03.06 23:04 B F:\Documents and Settings\Stephen\Desktop\Elton John\eltonjohn-sixteenthcentury.txt <-- Ipswitch /ejchordography/ eltonjohn-sixteenthcentury.txt
2002.03.06 23:04 B F:\Documents and Settings\Stephen\Desktop\Elton John\eltonjohn-sixtyyearson.txt <-- Ipswitch /ejchordography/ eltonjohn-sixtyyearson.txt
2002.03.06 23:04 B F:\Documents and Settings\Stephen\Desktop\Elton John\eltonjohn-skylinepigeon.txt <-- Ipswitch /ejchordography/ eltonjohn-skylinepigeon.txt
2002.03.06 23:04 B F:\Documents and Settings\Stephen\Desktop\Elton John\eltonjohn-slave.txt <-- Ipswitch /ejchordography/ eltonjohn-slave.txt
2002.03.06 23:04 B F:\Documents and Settings\Stephen\Desktop\Elton John\eltonjohn-sleeping.txt <-- Ipswitch /ejchordography/ eltonjohn-sleeping.txt
2002.03.06 23:04 B F:\Documents and Settings\Stephen\Desktop\Elton John\eltonjohn-slowdowngeorgie.txt <-- Ipswitch /ejchordography/ eltonjohn-slowdowngeorgie.txt
2002.03.06 23:04 B F:\Documents and Settings\Stephen\Desktop\Elton John\eltonjohn-slowrivers.txt <-- Ipswitch /ejchordography/ eltonjohn-slowrivers.txt
2002.03.06 23:04 B F:\Documents and Settings\Stephen\Desktop\Elton John\eltonjohn-snookeroo.txt <-- Ipswitch /ejchordography/ eltonjohn-snookeroo.txt
2002.03.06 23:04 B F:\Documents and Settings\Stephen\Desktop\Elton John\eltonjohn-snowqueen.txt <-- Ipswitch /ejchordography/ eltonjohn-snowqueen.txt
2002.03.06 23:04 B F:\Documents and Settings\Stephen\Desktop\Elton John\eltonjohn-socialdisease.txt <-- Ipswitch /ejchordography/ eltonjohn-socialdisease.txt
2002.03.06 23:04 B F:\Documents and Settings\Stephen\Desktop\Elton John\eltonjohn-solar.txt <-- Ipswitch /ejchordography/ eltonjohn-solar.txt
2002.03.06 23:04 B F:\Documents and Settings\Stephen\Desktop\Elton John\eltonjohn-soldiers.txt <-- Ipswitch /ejchordography/ eltonjohn-soldiers.txt
2002.03.06 23:04 B F:\Documents and Settings\Stephen\Desktop\Elton John\eltonjohn-someday.txt <-- Ipswitch /ejchordography/ eltonjohn-someday.txt
2002.03.06 23:04 B F:\Documents and Settings\Stephen\Desktop\Elton John\eltonjohn-somedayoutoftheblue2.txt <-- Ipswitch /ejchordography/ eltonjohn-somedayoutoftheblue2.txt
2002.03.06 23:04 B F:\Documents and Settings\Stephen\Desktop\Elton John\eltonjohn-someonesavedmylifetonight.txt <-- Ipswitch /ejchordography/ eltonjohn-someonesavedmylifetonight.txt
2002.03.06 23:04 B F:\Documents and Settings\Stephen\Desktop\Elton John\eltonjohn-someonesfinalsong.txt <-- Ipswitch /ejchordography/ eltonjohn-someonesfinalsong.txt
2002.03.06 23:04 B F:\Documents and Settings\Stephen\Desktop\Elton John\eltonjohn-somethingabouttheway.txt <-- Ipswitch /ejchordography/ eltonjohn-somethingabouttheway.txt
2002.03.06 23:04 B F:\Documents and Settings\Stephen\Desktop\Elton John\eltonjohn-songforguy.txt <-- Ipswitch /ejchordography/ eltonjohn-songforguy.txt
2002.03.06 23:04 B F:\Documents and Settings\Stephen\Desktop\Elton John\eltonjohn-sonofyourfather.txt <-- Ipswitch /ejchordography/ eltonjohn-sonofyourfather.txt
2002.03.06 23:04 B F:\Documents and Settings\Stephen\Desktop\Elton John\eltonjohn-sorryseemstobe.txt <-- Ipswitch /ejchordography/ eltonjohn-sorryseemstobe.txt
2002.03.06 23:04 B F:\Documents and Settings\Stephen\Desktop\Elton John\eltonjohn-soulglove.txt <-- Ipswitch /ejchordography/ eltonjohn-soulglove.txt
2002.03.06 23:04 B F:\Documents and Settings\Stephen\Desktop\Elton John\eltonjohn-spanish.txt <-- Ipswitch /ejchordography/ eltonjohn-spanish.txt
2002.03.06 23:04 B F:\Documents and Settings\Stephen\Desktop\Elton John\eltonjohn-spiteful.txt <-- Ipswitch /ejchordography/ eltonjohn-spiteful.txt
2002.03.06 23:04 B F:\Documents and Settings\Stephen\Desktop\Elton John\eltonjohn-stealawaychild.txt <-- Ipswitch /ejchordography/ eltonjohn-stealawaychild.txt
2002.03.06 23:04 B F:\Documents and Settings\Stephen\Desktop\Elton John\eltonjohn-stinker.txt <-- Ipswitch /ejchordography/ eltonjohn-stinker.txt
2002.03.06 23:04 B F:\Documents and Settings\Stephen\Desktop\Elton John\eltonjohn-stonesthrowfromhurtin.txt <-- Ipswitch /ejchordography/ eltonjohn-stonesthrowfromhurtin.txt
2002.03.06 23:04 B F:\Documents and Settings\Stephen\Desktop\Elton John\eltonjohn-stpeter.txt <-- Ipswitch /ejchordography/ eltonjohn-stpeter.txt
2002.03.06 23:04 B F:\Documents and Settings\Stephen\Desktop\Elton John\eltonjohn-strangers.txt <-- Ipswitch /ejchordography/ eltonjohn-strangers.txt
2002.03.06 23:04 B F:\Documents and Settings\Stephen\Desktop\Elton John\eltonjohn-streetkids.txt <-- Ipswitch /ejchordography/ eltonjohn-streetkids.txt
2002.03.06 23:04 B F:\Documents and Settings\Stephen\Desktop\Elton John\eltonjohn-sugaronthefloor.txt <-- Ipswitch /ejchordography/ eltonjohn-sugaronthefloor.txt
2002.03.06 23:04 B F:\Documents and Settings\Stephen\Desktop\Elton John\eltonjohn-susiedramas.txt <-- Ipswitch /ejchordography/ eltonjohn-susiedramas.txt
2002.03.06 23:04 B F:\Documents and Settings\Stephen\Desktop\Elton John\eltonjohn-sweatitout.txt <-- Ipswitch /ejchordography/ eltonjohn-sweatitout.txt
2002.03.06 23:04 B F:\Documents and Settings\Stephen\Desktop\Elton John\eltonjohn-sweetpaintedlady.txt <-- Ipswitch /ejchordography/ eltonjohn-sweetpaintedlady.txt
2002.03.06 23:04 B F:\Documents and Settings\Stephen\Desktop\Elton John\eltonjohn-tactics.txt <-- Ipswitch /ejchordography/ eltonjohn-tactics.txt
2002.03.06 23:04 B F:\Documents and Settings\Stephen\Desktop\Elton John\eltonjohn-tactics2.txt <-- Ipswitch /ejchordography/ eltonjohn-tactics2.txt
2002.03.06 23:04 B F:\Documents and Settings\Stephen\Desktop\Elton John\eltonjohn-takemeback.txt <-- Ipswitch /ejchordography/ eltonjohn-takemeback.txt
2002.03.06 23:04 B F:\Documents and Settings\Stephen\Desktop\Elton John\eltonjohn-takemetothepilot.txt <-- Ipswitch /ejchordography/ eltonjohn-takemetothepilot.txt
2002.03.06 23:04 B F:\Documents and Settings\Stephen\Desktop\Elton John\eltonjohn-takingthesun.txt <-- Ipswitch /ejchordography/ eltonjohn-takingthesun.txt
2002.03.06 23:04 B F:\Documents and Settings\Stephen\Desktop\Elton John\eltonjohn-tartancoloredlady.txt <-- Ipswitch /ejchordography/ eltonjohn-tartancoloredlady.txt
2002.03.06 23:04 B F:\Documents and Settings\Stephen\Desktop\Elton John\eltonjohn-teacher.txt <-- Ipswitch /ejchordography/ eltonjohn-teacher.txt
2002.03.06 23:04 B F:\Documents and Settings\Stephen\Desktop\Elton John\eltonjohn-teardrops.txt <-- Ipswitch /ejchordography/ eltonjohn-teardrops.txt
2002.03.06 23:04 B F:\Documents and Settings\Stephen\Desktop\Elton John\eltonjohn-teenageidol.txt <-- Ipswitch /ejchordography/ eltonjohn-teenageidol.txt
2002.03.06 23:04 B F:\Documents and Settings\Stephen\Desktop\Elton John\eltonjohn-tellmewhatthepaperssay.txt <-- Ipswitch /ejchordography/ eltonjohn-tellmewhatthepaperssay.txt
2002.03.06 23:04 B F:\Documents and Settings\Stephen\Desktop\Elton John\eltonjohn-tellmewhenthewhistleblows.txt <-- Ipswitch /ejchordography/ eltonjohn-tellmewhenthewhistleblows.txt
2002.03.06 23:04 B F:\Documents and Settings\Stephen\Desktop\Elton John\eltonjohn-texanlovesong.txt <-- Ipswitch /ejchordography/ eltonjohn-texanlovesong.txt
2002.03.06 23:04 B F:\Documents and Settings\Stephen\Desktop\Elton John\eltonjohn-thatswhatfriendsarefor.txt <-- Ipswitch /ejchordography/ eltonjohn-thatswhatfriendsarefor.txt
2002.03.06 23:04 B F:\Documents and Settings\Stephen\Desktop\Elton John\eltonjohn-theballadofdannybailey.txt <-- Ipswitch /ejchordography/ eltonjohn-theballadofdannybailey.txt
2002.03.06 23:04 B F:\Documents and Settings\Stephen\Desktop\Elton John\eltonjohn-thebigpicture.txt <-- Ipswitch /ejchordography/ eltonjohn-thebigpicture.txt
2002.03.06 23:04 B F:\Documents and Settings\Stephen\Desktop\Elton John\eltonjohn-thebitchisback.txt <-- Ipswitch /ejchordography/ eltonjohn-thebitchisback.txt
2002.03.06 23:04 B F:\Documents and Settings\Stephen\Desktop\Elton John\eltonjohn-thecage.txt <-- Ipswitch /ejchordography/ eltonjohn-thecage.txt
2002.03.06 23:04 B F:\Documents and Settings\Stephen\Desktop\Elton John\eltonjohn-theemperorsnewclothes.txt <-- Ipswitch /ejchordography/ eltonjohn-theemperorsnewclothes.txt
2002.03.06 23:04 B F:\Documents and Settings\Stephen\Desktop\Elton John\eltonjohn-theendwillcome.txt <-- Ipswitch /ejchordography/ eltonjohn-theendwillcome.txt
2002.03.06 23:04 B F:\Documents and Settings\Stephen\Desktop\Elton John\eltonjohn-thefox.txt <-- Ipswitch /ejchordography/ eltonjohn-thefox.txt
2002.03.06 23:04 B F:\Documents and Settings\Stephen\Desktop\Elton John\eltonjohn-thelastsong.txt <-- Ipswitch /ejchordography/ eltonjohn-thelastsong.txt
2002.03.06 23:04 B F:\Documents and Settings\Stephen\Desktop\Elton John\eltonjohn-themefromanonexistenttvseries.txt <-- Ipswitch /ejchordography/ eltonjohn-themefromanonexistenttvseries.txt
2002.03.06 23:04 B F:\Documents and Settings\Stephen\Desktop\Elton John\eltonjohn-themessenger.txt <-- Ipswitch /ejchordography/ eltonjohn-themessenger.txt
2002.03.06 23:04 B F:\Documents and Settings\Stephen\Desktop\Elton John\eltonjohn-thenorth.txt <-- Ipswitch /ejchordography/ eltonjohn-thenorth.txt
2002.03.06 23:04 B F:\Documents and Settings\Stephen\Desktop\Elton John\eltonjohn-thenorthstar.txt <-- Ipswitch /ejchordography/ eltonjohn-thenorthstar.txt
2002.03.06 23:04 B F:\Documents and Settings\Stephen\Desktop\Elton John\eltonjohn-theone.txt <-- Ipswitch /ejchordography/ eltonjohn-theone.txt
2002.03.06 23:04 B F:\Documents and Settings\Stephen\Desktop\Elton John\eltonjohn-thepower.txt <-- Ipswitch /ejchordography/ eltonjohn-thepower.txt
2002.03.06 23:04 B F:\Documents and Settings\Stephen\Desktop\Elton John\eltonjohn-thereisstillalittlelove.txt <-- Ipswitch /ejchordography/ eltonjohn-thereisstillalittlelove.txt
2002.03.06 23:04 B F:\Documents and Settings\Stephen\Desktop\Elton John\eltonjohn-thereisstillalittlelove2.txt <-- Ipswitch /ejchordography/ eltonjohn-thereisstillalittlelove2.txt
2002.03.06 23:04 B F:\Documents and Settings\Stephen\Desktop\Elton John\eltonjohn-thereisstillalittlelove3.txt <-- Ipswitch /ejchordography/ eltonjohn-thereisstillalittlelove3.txt
2002.03.06 23:04 B F:\Documents and Settings\Stephen\Desktop\Elton John\eltonjohn-theresstillalittletimeforme.txt <-- Ipswitch /ejchordography/ eltonjohn-theresstillalittletimeforme.txt
2002.03.06 23:04 B F:\Documents and Settings\Stephen\Desktop\Elton John\eltonjohn-theretreat.txt <-- Ipswitch /ejchordography/ eltonjohn-theretreat.txt
2002.03.06 23:04 B F:\Documents and Settings\Stephen\Desktop\Elton John\eltonjohn-therumour.txt <-- Ipswitch /ejchordography/ eltonjohn-therumour.txt
2002.03.06 23:04 B F:\Documents and Settings\Stephen\Desktop\Elton John\eltonjohn-thescaffold.txt <-- Ipswitch /ejchordography/ eltonjohn-thescaffold.txt
2002.03.06 23:04 B F:\Documents and Settings\Stephen\Desktop\Elton John\eltonjohn-thetidewillturnforrebecca.txt <-- Ipswitch /ejchordography/ eltonjohn-thetidewillturnforrebecca.txt
2002.03.06 23:04 B F:\Documents and Settings\Stephen\Desktop\Elton John\eltonjohn-thetrailweblaze.txt <-- Ipswitch /ejchordography/ eltonjohn-thetrailweblaze.txt
2002.03.06 23:04 B F:\Documents and Settings\Stephen\Desktop\Elton John\eltonjohn-thewasteland.txt <-- Ipswitch /ejchordography/ eltonjohn-thewasteland.txt
2002.03.06 23:04 B F:\Documents and Settings\Stephen\Desktop\Elton John\eltonjohn-thewideeyedandlaughing.txt <-- Ipswitch /ejchordography/ eltonjohn-thewideeyedandlaughing.txt
2002.03.06 23:04 B F:\Documents and Settings\Stephen\Desktop\Elton John\eltonjohn-thissonghasnotitle.txt <-- Ipswitch /ejchordography/ eltonjohn-thissonghasnotitle.txt
2002.03.06 23:04 B F:\Documents and Settings\Stephen\Desktop\Elton John\eltonjohn-thistown.txt <-- Ipswitch /ejchordography/ eltonjohn-thistown.txt
2002.03.06 23:04 B F:\Documents and Settings\Stephen\Desktop\Elton John\eltonjohn-thistraindoesntstophereanymore.txt <-- Ipswitch /ejchordography/ eltonjohn-thistraindoesntstophereanymore.txt
2002.03.06 23:04 B F:\Documents and Settings\Stephen\Desktop\Elton John\eltonjohn-thunderinthenight.txt <-- Ipswitch /ejchordography/ eltonjohn-thunderinthenight.txt
2002.03.06 23:04 B F:\Documents and Settings\Stephen\Desktop\Elton John\eltonjohn-ticking.txt <-- Ipswitch /ejchordography/ eltonjohn-ticking.txt
2002.03.06 23:04 B F:\Documents and Settings\Stephen\Desktop\Elton John\eltonjohn-tinydancer.txt <-- Ipswitch /ejchordography/ eltonjohn-tinydancer.txt
2002.03.06 23:04 B F:\Documents and Settings\Stephen\Desktop\Elton John\eltonjohn-tonight.txt <-- Ipswitch /ejchordography/ eltonjohn-tonight.txt
2002.03.06 23:04 B F:\Documents and Settings\Stephen\Desktop\Elton John\eltonjohn-toolowforzero.txt <-- Ipswitch /ejchordography/ eltonjohn-toolowforzero.txt
2002.03.06 23:04 B F:\Documents and Settings\Stephen\Desktop\Elton John\eltonjohn-tooyoung.txt <-- Ipswitch /ejchordography/ eltonjohn-tooyoung.txt
2002.03.06 23:04 B F:\Documents and Settings\Stephen\Desktop\Elton John\eltonjohn-tortured.txt <-- Ipswitch /ejchordography/ eltonjohn-tortured.txt
2002.03.06 23:04 B F:\Documents and Settings\Stephen\Desktop\Elton John\eltonjohn-townofplenty.txt <-- Ipswitch /ejchordography/ eltonjohn-townofplenty.txt
2002.03.06 23:04 B F:\Documents and Settings\Stephen\Desktop\Elton John\eltonjohn-truelove.txt <-- Ipswitch /ejchordography/ eltonjohn-truelove.txt
2002.03.06 23:04 B F:\Documents and Settings\Stephen\Desktop\Elton John\eltonjohn-turkeyatxmas.txt <-- Ipswitch /ejchordography/ eltonjohn-turkeyatxmas.txt
2002.03.06 23:04 B F:\Documents and Settings\Stephen\Desktop\Elton John\eltonjohn-turntome.txt <-- Ipswitch /ejchordography/ eltonjohn-turntome.txt
2002.03.06 23:04 B F:\Documents and Settings\Stephen\Desktop\Elton John\eltonjohn-tworooms.txt <-- Ipswitch /ejchordography/ eltonjohn-tworooms.txt
2002.03.06 23:04 B F:\Documents and Settings\Stephen\Desktop\Elton John\eltonjohn-understandingwomen.txt <-- Ipswitch /ejchordography/ eltonjohn-understandingwomen.txt
2002.03.06 23:04 B F:\Documents and Settings\Stephen\Desktop\Elton John\eltonjohn-valhala.txt <-- Ipswitch /ejchordography/ eltonjohn-valhala.txt
2002.03.06 23:04 B F:\Documents and Settings\Stephen\Desktop\Elton John\eltonjohn-victimoflove.txt <-- Ipswitch /ejchordography/ eltonjohn-victimoflove.txt
2002.03.06 23:04 B F:\Documents and Settings\Stephen\Desktop\Elton John\eltonjohn-warmloveinacoldworld.txt <-- Ipswitch /ejchordography/ eltonjohn-warmloveinacoldworld.txt
2002.03.06 23:04 B F:\Documents and Settings\Stephen\Desktop\Elton John\eltonjohn-weallfallinlove.txt <-- Ipswitch /ejchordography/ eltonjohn-weallfallinlove.txt
2002.03.06 23:04 B F:\Documents and Settings\Stephen\Desktop\Elton John\eltonjohn-westernford.txt <-- Ipswitch /ejchordography/ eltonjohn-westernford.txt
2002.03.06 23:04 B F:\Documents and Settings\Stephen\Desktop\Elton John\eltonjohn-whenawomanyou.txt <-- Ipswitch /ejchordography/ eltonjohn-whenawomanyou.txt
2002.03.06 23:04 B F:\Documents and Settings\Stephen\Desktop\Elton John\eltonjohn-whenever.txt <-- Ipswitch /ejchordography/ eltonjohn-whenever.txt
2002.03.06 23:04 B F:\Documents and Settings\Stephen\Desktop\Elton John\eltonjohn-whenithinkaboutlove.txt <-- Ipswitch /ejchordography/ eltonjohn-whenithinkaboutlove.txt
2002.03.06 23:04 B F:\Documents and Settings\Stephen\Desktop\Elton John\eltonjohn-wheniwastealbyabbey.txt <-- Ipswitch /ejchordography/ eltonjohn-wheniwastealbyabbey.txt
2002.03.06 23:04 B F:\Documents and Settings\Stephen\Desktop\Elton John\eltonjohn-wherehaveallthegood.txt <-- Ipswitch /ejchordography/ eltonjohn-wherehaveallthegood.txt
2002.03.06 23:04 B F:\Documents and Settings\Stephen\Desktop\Elton John\eltonjohn-wherestheshoorah.txt <-- Ipswitch /ejchordography/ eltonjohn-wherestheshoorah.txt
2002.03.06 23:04 B F:\Documents and Settings\Stephen\Desktop\Elton John\eltonjohn-whippingboy.txt <-- Ipswitch /ejchordography/ eltonjohn-whippingboy.txt
2002.03.06 23:04 B F:\Documents and Settings\Stephen\Desktop\Elton John\eltonjohn-whispers.txt <-- Ipswitch /ejchordography/ eltonjohn-whispers.txt
2002.03.06 23:04 B F:\Documents and Settings\Stephen\Desktop\Elton John\eltonjohn-whiteladywhitepowder.txt <-- Ipswitch /ejchordography/ eltonjohn-whiteladywhitepowder.txt
2002.03.06 23:04 B F:\Documents and Settings\Stephen\Desktop\Elton John\eltonjohn-whitemandanger.txt <-- Ipswitch /ejchordography/ eltonjohn-whitemandanger.txt
2002.03.06 23:04 B F:\Documents and Settings\Stephen\Desktop\Elton John\eltonjohn-whitewashcounty.txt <-- Ipswitch /ejchordography/ eltonjohn-whitewashcounty.txt
2002.03.06 23:04 B F:\Documents and Settings\Stephen\Desktop\Elton John\eltonjohn-whowearstheseshoes.txt <-- Ipswitch /ejchordography/ eltonjohn-whowearstheseshoes.txt
2002.03.06 23:04 B F:\Documents and Settings\Stephen\Desktop\Elton John\eltonjohn-wickeddream.txt <-- Ipswitch /ejchordography/ eltonjohn-wickeddream.txt
2002.03.06 23:04 B F:\Documents and Settings\Stephen\Desktop\Elton John\eltonjohn-withoutquestion.txt <-- Ipswitch /ejchordography/ eltonjohn-withoutquestion.txt
2002.03.06 23:04 B F:\Documents and Settings\Stephen\Desktop\Elton John\eltonjohn-wrapherup.txt <-- Ipswitch /ejchordography/ eltonjohn-wrapherup.txt
2002.03.06 23:04 B F:\Documents and Settings\Stephen\Desktop\Elton John\eltonjohn-writing.txt <-- Ipswitch /ejchordography/ eltonjohn-writing.txt
2002.03.06 23:04 B F:\Documents and Settings\Stephen\Desktop\Elton John\eltonjohn-writteninthestars.txt <-- Ipswitch /ejchordography/ eltonjohn-writteninthestars.txt
2002.03.06 23:05 B F:\Documents and Settings\Stephen\Desktop\Elton John\eltonjohn-writtenstars.txt <-- Ipswitch /ejchordography/ eltonjohn-writtenstars.txt
2002.03.06 23:05 B F:\Documents and Settings\Stephen\Desktop\Elton John\eltonjohn-xmas.txt <-- Ipswitch /ejchordography/ eltonjohn-xmas.txt
2002.03.06 23:05 B F:\Documents and Settings\Stephen\Desktop\Elton John\eltonjohn-youresostatic.txt <-- Ipswitch /ejchordography/ eltonjohn-youresostatic.txt
2002.03.06 23:05 B F:\Documents and Settings\Stephen\Desktop\Elton John\eltonjohn-yoursistercanttwist.txt <-- Ipswitch /ejchordography/ eltonjohn-yoursistercanttwist.txt
2002.03.06 23:05 B F:\Documents and Settings\Stephen\Desktop\Elton John\eltonjohn-yoursong.txt <-- Ipswitch /ejchordography/ eltonjohn-yoursong.txt
2002.03.06 23:05 B F:\Documents and Settings\Stephen\Desktop\Elton John\eltonjohn-yourstartedfor.txt <-- Ipswitch /ejchordography/ eltonjohn-yourstartedfor.txt
2002.03.06 23:05 B F:\Documents and Settings\Stephen\Desktop\Elton John\eltonjohn.html <-- Ipswitch /ejchordography/ eltonjohn.html
2002.03.06 23:05 B F:\Documents and Settings\Stephen\Desktop\Elton John\eltonjohn_milwaukeewi.gif <-- Ipswitch /ejchordography/ eltonjohn_milwaukeewi.gif
2002.03.06 23:05 B F:\Documents and Settings\Stephen\Desktop\Elton John\eltonjohnfanaticbanner.jpg <-- Ipswitch /ejchordography/ eltonjohnfanaticbanner.jpg
2002.03.06 23:05 B F:\Documents and Settings\Stephen\Desktop\Elton John\empty_sky_uk.jpg <-- Ipswitch /ejchordography/ empty_sky_uk.jpg
2002.03.06 23:05 B F:\Documents and Settings\Stephen\Desktop\Elton John\EmptyGarden.jpg <-- Ipswitch /ejchordography/ EmptyGarden.jpg
2002.03.06 23:05 B F:\Documents and Settings\Stephen\Desktop\Elton John\emptysky.html <-- Ipswitch /ejchordography/ emptysky.html
2002.03.06 23:05 B F:\Documents and Settings\Stephen\Desktop\Elton John\friends.html <-- Ipswitch /ejchordography/ friends.html
2002.03.06 23:05 B F:\Documents and Settings\Stephen\Desktop\Elton John\friends.jpg <-- Ipswitch /ejchordography/ friends.jpg
2002.03.06 23:05 B F:\Documents and Settings\Stephen\Desktop\Elton John\goodbye_yellow_brick_road.jpg <-- Ipswitch /ejchordography/ goodbye_yellow_brick_road.jpg
2002.03.06 23:05 B F:\Documents and Settings\Stephen\Desktop\Elton John\goodbyeyellowbrickroad.html <-- Ipswitch /ejchordography/ goodbyeyellowbrickroad.html
2002.03.06 23:05 B F:\Documents and Settings\Stephen\Desktop\Elton John\greatest_hits.jpg <-- Ipswitch /ejchordography/ greatest_hits.jpg
2002.03.06 23:05 B F:\Documents and Settings\Stephen\Desktop\Elton John\guestbook.html <-- Ipswitch /ejchordography/ guestbook.html
2002.03.06 23:05 B F:\Documents and Settings\Stephen\Desktop\Elton John\hawwi1.jpg <-- Ipswitch /ejchordography/ hawwi1.jpg
2002.03.06 23:05 B F:\Documents and Settings\Stephen\Desktop\Elton John\HealingHands.jpg <-- Ipswitch /ejchordography/ HealingHands.jpg
2002.03.06 23:05 B F:\Documents and Settings\Stephen\Desktop\Elton John\HeartacheAllOverTheWorld.jpg <-- Ipswitch /ejchordography/ HeartacheAllOverTheWorld.jpg
2002.03.06 23:05 B F:\Documents and Settings\Stephen\Desktop\Elton John\hitsingles.html <-- Ipswitch /ejchordography/ hitsingles.html
2002.03.06 23:05 B F:\Documents and Settings\Stephen\Desktop\Elton John\hitsingles2.html <-- Ipswitch /ejchordography/ hitsingles2.html
2002.03.06 23:05 B F:\Documents and Settings\Stephen\Desktop\Elton John\hitsinglespreview.html <-- Ipswitch /ejchordography/ hitsinglespreview.html
2002.03.06 23:05 B F:\Documents and Settings\Stephen\Desktop\Elton John\honky_chateau.jpg <-- Ipswitch /ejchordography/ honky_chateau.jpg
2002.03.06 23:05 B F:\Documents and Settings\Stephen\Desktop\Elton John\honkychateau.html <-- Ipswitch /ejchordography/ honkychateau.html
2002.03.06 23:05 B F:\Documents and Settings\Stephen\Desktop\Elton John\ice_on_fire.jpg <-- Ipswitch /ejchordography/ ice_on_fire.jpg
2002.03.06 23:05 B F:\Documents and Settings\Stephen\Desktop\Elton John\iceonfire.html <-- Ipswitch /ejchordography/ iceonfire.html
2002.03.06 23:05 B F:\Documents and Settings\Stephen\Desktop\Elton John\IDontWannaGoOnWithYouLikeThat.jpg <-- Ipswitch /ejchordography/ IDontWannaGoOnWithYouLikeThat.jpg
2002.03.06 23:05 B F:\Documents and Settings\Stephen\Desktop\Elton John\index.html <-- Ipswitch /ejchordography/ index.html
2002.03.06 23:05 B F:\Documents and Settings\Stephen\Desktop\Elton John\jump_up.jpg <-- Ipswitch /ejchordography/ jump_up.jpg
2002.03.06 23:05 B F:\Documents and Settings\Stephen\Desktop\Elton John\jumpup.html <-- Ipswitch /ejchordography/ jumpup.html
2002.03.06 23:05 B F:\Documents and Settings\Stephen\Desktop\Elton John\leather_jackets.jpg <-- Ipswitch /ejchordography/ leather_jackets.jpg
2002.03.06 23:05 B F:\Documents and Settings\Stephen\Desktop\Elton John\leatherjackets.html <-- Ipswitch /ejchordography/ leatherjackets.html
2002.03.06 23:05 B F:\Documents and Settings\Stephen\Desktop\Elton John\links.html <-- Ipswitch /ejchordography/ links.html
2002.03.06 23:05 B F:\Documents and Settings\Stephen\Desktop\Elton John\made_in_england.jpg <-- Ipswitch /ejchordography/ made_in_england.jpg
2002.03.06 23:05 B F:\Documents and Settings\Stephen\Desktop\Elton John\MadeInEngland.gif <-- Ipswitch /ejchordography/ MadeInEngland.gif
2002.03.06 23:05 B F:\Documents and Settings\Stephen\Desktop\Elton John\madeinengland.html <-- Ipswitch /ejchordography/ madeinengland.html
2002.03.06 23:05 B F:\Documents and Settings\Stephen\Desktop\Elton John\madman_across_the_water.jpg <-- Ipswitch /ejchordography/ madman_across_the_water.jpg
2002.03.06 23:05 B F:\Documents and Settings\Stephen\Desktop\Elton John\madmanacrossthewater.html <-- Ipswitch /ejchordography/ madmanacrossthewater.html
2002.03.06 23:05 B F:\Documents and Settings\Stephen\Desktop\Elton John\New_CW_Banner.jpg <-- Ipswitch /ejchordography/ New_CW_Banner.jpg
2002.03.06 23:05 B F:\Documents and Settings\Stephen\Desktop\Elton John\othersongsofthe1970s.html <-- Ipswitch /ejchordography/ othersongsofthe1970s.html
2002.03.06 23:05 B F:\Documents and Settings\Stephen\Desktop\Elton John\othersongsofthe1970spreview.html <-- Ipswitch /ejchordography/ othersongsofthe1970spreview.html
2002.03.06 23:05 B F:\Documents and Settings\Stephen\Desktop\Elton John\othersongsofthe1980s.html <-- Ipswitch /ejchordography/ othersongsofthe1980s.html
2002.03.06 23:05 B F:\Documents and Settings\Stephen\Desktop\Elton John\othersongsofthe1990s.html <-- Ipswitch /ejchordography/ othersongsofthe1990s.html
2002.03.06 23:05 B F:\Documents and Settings\Stephen\Desktop\Elton John\othersongsofthe2000s.html <-- Ipswitch /ejchordography/ othersongsofthe2000s.html
2002.03.06 23:05 B F:\Documents and Settings\Stephen\Desktop\Elton John\page_head.gif <-- Ipswitch /ejchordography/ page_head.gif
2002.03.06 23:05 B F:\Documents and Settings\Stephen\Desktop\Elton John\page_head.jpg <-- Ipswitch /ejchordography/ page_head.jpg
2002.03.06 23:05 B F:\Documents and Settings\Stephen\Desktop\Elton John\pre-emptyskysongs.html <-- Ipswitch /ejchordography/ pre-emptyskysongs.html
2002.03.06 23:05 B F:\Documents and Settings\Stephen\Desktop\Elton John\rare_masters.jpg <-- Ipswitch /ejchordography/ rare_masters.jpg
2002.03.06 23:05 B F:\Documents and Settings\Stephen\Desktop\Elton John\reg_strikes_back.jpg <-- Ipswitch /ejchordography/ reg_strikes_back.jpg
2002.03.06 23:05 B F:\Documents and Settings\Stephen\Desktop\Elton John\regstrikesback.html <-- Ipswitch /ejchordography/ regstrikesback.html
2002.03.06 23:05 B F:\Documents and Settings\Stephen\Desktop\Elton John\rock_of_the_westies.jpg <-- Ipswitch /ejchordography/ rock_of_the_westies.jpg
2002.03.06 23:05 B F:\Documents and Settings\Stephen\Desktop\Elton John\rocketmanbanner.gif <-- Ipswitch /ejchordography/ rocketmanbanner.gif
2002.03.06 23:05 B F:\Documents and Settings\Stephen\Desktop\Elton John\rockofthewesties.html <-- Ipswitch /ejchordography/ rockofthewesties.html
2002.03.06 23:05 B F:\Documents and Settings\Stephen\Desktop\Elton John\sleeping_with_the_past.jpg <-- Ipswitch /ejchordography/ sleeping_with_the_past.jpg
2002.03.06 23:05 B F:\Documents and Settings\Stephen\Desktop\Elton John\sleepingwiththepast.html <-- Ipswitch /ejchordography/ sleepingwiththepast.html
2002.03.06 23:05 B F:\Documents and Settings\Stephen\Desktop\Elton John\songs_from_the_west_coast.jpg <-- Ipswitch /ejchordography/ songs_from_the_west_coast.jpg
2002.03.06 23:05 B F:\Documents and Settings\Stephen\Desktop\Elton John\songsfromthewestcoast.html <-- Ipswitch /ejchordography/ songsfromthewestcoast.html
2002.03.06 23:05 B F:\Documents and Settings\Stephen\Desktop\Elton John\temporarypreviewfile.html <-- Ipswitch /ejchordography/ temporarypreviewfile.html
2002.03.06 23:05 B F:\Documents and Settings\Stephen\Desktop\Elton John\the_big_picture.jpg <-- Ipswitch /ejchordography/ the_big_picture.jpg
2002.03.06 23:05 B F:\Documents and Settings\Stephen\Desktop\Elton John\the_bread_and_beer_band.jpg <-- Ipswitch /ejchordography/ the_bread_and_beer_band.jpg
2002.03.06 23:05 B F:\Documents and Settings\Stephen\Desktop\Elton John\the_complete_thom_bell_sessions.jpg <-- Ipswitch /ejchordography/ the_complete_thom_bell_sessions.jpg
2002.03.06 23:05 B F:\Documents and Settings\Stephen\Desktop\Elton John\the_fox.jpg <-- Ipswitch /ejchordography/ the_fox.jpg
2002.03.06 23:05 B F:\Documents and Settings\Stephen\Desktop\Elton John\the_lion_king.jpg <-- Ipswitch /ejchordography/ the_lion_king.jpg
2002.03.06 23:05 B F:\Documents and Settings\Stephen\Desktop\Elton John\the_one.jpg <-- Ipswitch /ejchordography/ the_one.jpg
2002.03.06 23:05 B F:\Documents and Settings\Stephen\Desktop\Elton John\thebigpicture.html <-- Ipswitch /ejchordography/ thebigpicture.html
2002.03.06 23:05 B F:\Documents and Settings\Stephen\Desktop\Elton John\thecompletethombellsessions.html <-- Ipswitch /ejchordography/ thecompletethombellsessions.html
2002.03.06 23:05 B F:\Documents and Settings\Stephen\Desktop\Elton John\thefox.html <-- Ipswitch /ejchordography/ thefox.html
2002.03.06 23:05 B F:\Documents and Settings\Stephen\Desktop\Elton John\thelionking.html <-- Ipswitch /ejchordography/ thelionking.html
2002.03.06 23:05 B F:\Documents and Settings\Stephen\Desktop\Elton John\theone.html <-- Ipswitch /ejchordography/ theone.html
2002.03.06 23:05 B F:\Documents and Settings\Stephen\Desktop\Elton John\theroadtoeldorado.html <-- Ipswitch /ejchordography/ theroadtoeldorado.html
2002.03.06 23:05 B F:\Documents and Settings\Stephen\Desktop\Elton John\to_be_continued_us.jpg <-- Ipswitch /ejchordography/ to_be_continued_us.jpg
2002.03.06 23:05 B F:\Documents and Settings\Stephen\Desktop\Elton John\tobecontinued.html <-- Ipswitch /ejchordography/ tobecontinued.html
2002.03.06 23:05 B F:\Documents and Settings\Stephen\Desktop\Elton John\too_low_for_zero.gif <-- Ipswitch /ejchordography/ too_low_for_zero.gif
2002.03.06 23:05 B F:\Documents and Settings\Stephen\Desktop\Elton John\toolowforzero.html <-- Ipswitch /ejchordography/ toolowforzero.html
2002.03.06 23:05 B F:\Documents and Settings\Stephen\Desktop\Elton John\top100.html <-- Ipswitch /ejchordography/ top100.html
2002.03.06 23:05 B F:\Documents and Settings\Stephen\Desktop\Elton John\tumbleweed_connection.jpg <-- Ipswitch /ejchordography/ tumbleweed_connection.jpg
2002.03.06 23:05 B F:\Documents and Settings\Stephen\Desktop\Elton John\tumbleweedconnection.html <-- Ipswitch /ejchordography/ tumbleweedconnection.html
2002.03.06 23:05 B F:\Documents and Settings\Stephen\Desktop\Elton John\UnNamed.html <-- Ipswitch /ejchordography/ UnNamed.html
2002.03.06 23:05 B F:\Documents and Settings\Stephen\Desktop\Elton John\victim_of_love_us.jpg <-- Ipswitch /ejchordography/ victim_of_love_us.jpg
2002.03.06 23:05 B F:\Documents and Settings\Stephen\Desktop\Elton John\victimoflove.html <-- Ipswitch /ejchordography/ victimoflove.html
